{"/home/travis/build/npmtest/node-npmtest-statsd/test.js":{"path":"/home/travis/build/npmtest/node-npmtest-statsd/test.js","s":{"1":2,"2":2,"3":2,"4":2,"5":2,"6":2,"7":2,"8":1,"9":2,"10":2,"11":1,"12":1,"13":1,"14":1,"15":2,"16":2,"17":2,"18":2,"19":1,"20":1,"21":2,"22":2,"23":2,"24":1,"25":1,"26":1,"27":1,"28":1,"29":1,"30":1,"31":1,"32":1,"33":1,"34":1,"35":1,"36":1,"37":1,"38":1,"39":2,"40":2,"41":1,"42":2,"43":2,"44":1,"45":2,"46":2,"47":1,"48":2,"49":2,"50":1,"51":1,"52":1,"53":1,"54":1},"b":{"1":[2,1,1,1],"2":[1,1,1,1],"3":[1,1],"4":[1,1],"5":[1,1],"6":[1,1],"7":[1,1],"8":[1,1],"9":[1,1],"10":[1,1,1],"11":[1,1],"12":[1,1],"13":[1,1],"14":[1,1],"15":[1,1],"16":[1,1],"17":[1,1]},"f":{"1":2,"2":2,"3":2,"4":2,"5":2,"6":1,"7":1,"8":1,"9":2,"10":2,"11":2,"12":2,"13":1},"fnMap":{"1":{"name":"(anonymous_1)","line":12,"loc":{"start":{"line":12,"column":1},"end":{"line":12,"column":13}}},"2":{"name":"(anonymous_2)","line":19,"loc":{"start":{"line":19,"column":5},"end":{"line":19,"column":17}}},"3":{"name":"(anonymous_3)","line":23,"loc":{"start":{"line":23,"column":24},"end":{"line":23,"column":36}}},"4":{"name":"(anonymous_4)","line":61,"loc":{"start":{"line":61,"column":5},"end":{"line":61,"column":17}}},"5":{"name":"(anonymous_5)","line":82,"loc":{"start":{"line":82,"column":5},"end":{"line":82,"column":17}}},"6":{"name":"(anonymous_6)","line":91,"loc":{"start":{"line":91,"column":77},"end":{"line":94,"column":10}}},"7":{"name":"(anonymous_7)","line":112,"loc":{"start":{"line":112,"column":83},"end":{"line":115,"column":10}},"skip":true},"8":{"name":"(anonymous_8)","line":123,"loc":{"start":{"line":123,"column":77},"end":{"line":126,"column":10}},"skip":true},"9":{"name":"(anonymous_9)","line":139,"loc":{"start":{"line":139,"column":12},"end":{"line":139,"column":40}},"skip":true},"10":{"name":"(anonymous_10)","line":147,"loc":{"start":{"line":147,"column":77},"end":{"line":150,"column":10}},"skip":true},"11":{"name":"(anonymous_11)","line":158,"loc":{"start":{"line":158,"column":83},"end":{"line":161,"column":10}},"skip":true},"12":{"name":"(anonymous_12)","line":169,"loc":{"start":{"line":169,"column":79},"end":{"line":172,"column":10}},"skip":true},"13":{"name":"(anonymous_13)","line":180,"loc":{"start":{"line":180,"column":75},"end":{"line":183,"column":10}},"skip":true}},"statementMap":{"1":{"start":{"line":12,"column":0},"end":{"line":195,"column":5}},"2":{"start":{"line":14,"column":4},"end":{"line":14,"column":14}},"3":{"start":{"line":19,"column":4},"end":{"line":56,"column":9}},"4":{"start":{"line":21,"column":8},"end":{"line":21,"column":19}},"5":{"start":{"line":23,"column":8},"end":{"line":35,"column":13}},"6":{"start":{"line":24,"column":12},"end":{"line":34,"column":13}},"7":{"start":{"line":25,"column":16},"end":{"line":28,"column":30}},"8":{"start":{"line":30,"column":16},"end":{"line":33,"column":27}},"9":{"start":{"line":37,"column":8},"end":{"line":39,"column":21}},"10":{"start":{"line":40,"column":8},"end":{"line":53,"column":9}},"11":{"start":{"line":43,"column":12},"end":{"line":46,"column":14}},"12":{"start":{"line":47,"column":12},"end":{"line":47,"column":18}},"13":{"start":{"line":50,"column":12},"end":{"line":51,"column":46}},"14":{"start":{"line":52,"column":12},"end":{"line":52,"column":18}},"15":{"start":{"line":55,"column":8},"end":{"line":55,"column":35}},"16":{"start":{"line":61,"column":4},"end":{"line":63,"column":9}},"17":{"start":{"line":62,"column":8},"end":{"line":62,"column":15}},"18":{"start":{"line":64,"column":4},"end":{"line":77,"column":5}},"19":{"start":{"line":70,"column":8},"end":{"line":70,"column":14}},"20":{"start":{"line":76,"column":8},"end":{"line":76,"column":14}},"21":{"start":{"line":82,"column":4},"end":{"line":84,"column":9}},"22":{"start":{"line":83,"column":8},"end":{"line":83,"column":15}},"23":{"start":{"line":85,"column":4},"end":{"line":194,"column":5}},"24":{"start":{"line":91,"column":8},"end":{"line":99,"column":10}},"25":{"start":{"line":98,"column":12},"end":{"line":98,"column":35}},"26":{"start":{"line":102,"column":8},"end":{"line":104,"column":63}},"27":{"start":{"line":105,"column":8},"end":{"line":105,"column":14}},"28":{"start":{"line":112,"column":8},"end":{"line":121,"column":10},"skip":true},"29":{"start":{"line":119,"column":12},"end":{"line":119,"column":55},"skip":true},"30":{"start":{"line":120,"column":12},"end":{"line":120,"column":48},"skip":true},"31":{"start":{"line":123,"column":8},"end":{"line":136,"column":10},"skip":true},"32":{"start":{"line":130,"column":12},"end":{"line":130,"column":76},"skip":true},"33":{"start":{"line":131,"column":12},"end":{"line":131,"column":73},"skip":true},"34":{"start":{"line":132,"column":12},"end":{"line":132,"column":74},"skip":true},"35":{"start":{"line":133,"column":12},"end":{"line":133,"column":79},"skip":true},"36":{"start":{"line":134,"column":12},"end":{"line":134,"column":25},"skip":true},"37":{"start":{"line":135,"column":12},"end":{"line":135,"column":45},"skip":true},"38":{"start":{"line":138,"column":8},"end":{"line":145,"column":14},"skip":true},"39":{"start":{"line":143,"column":16},"end":{"line":143,"column":29},"skip":true},"40":{"start":{"line":144,"column":16},"end":{"line":144,"column":55},"skip":true},"41":{"start":{"line":147,"column":8},"end":{"line":156,"column":10},"skip":true},"42":{"start":{"line":154,"column":12},"end":{"line":154,"column":25},"skip":true},"43":{"start":{"line":155,"column":12},"end":{"line":155,"column":45},"skip":true},"44":{"start":{"line":158,"column":8},"end":{"line":167,"column":10},"skip":true},"45":{"start":{"line":165,"column":12},"end":{"line":165,"column":25},"skip":true},"46":{"start":{"line":166,"column":12},"end":{"line":166,"column":48},"skip":true},"47":{"start":{"line":169,"column":8},"end":{"line":178,"column":10},"skip":true},"48":{"start":{"line":176,"column":12},"end":{"line":176,"column":25},"skip":true},"49":{"start":{"line":177,"column":12},"end":{"line":177,"column":46},"skip":true},"50":{"start":{"line":180,"column":8},"end":{"line":189,"column":10},"skip":true},"51":{"start":{"line":187,"column":12},"end":{"line":187,"column":94},"skip":true},"52":{"start":{"line":188,"column":12},"end":{"line":188,"column":48},"skip":true},"53":{"start":{"line":192,"column":8},"end":{"line":192,"column":35},"skip":true},"54":{"start":{"line":193,"column":8},"end":{"line":193,"column":14},"skip":true}},"branchMap":{"1":{"line":25,"type":"binary-expr","locations":[{"start":{"line":25,"column":23},"end":{"line":25,"column":62}},{"start":{"line":26,"column":20},"end":{"line":26,"column":70}},{"start":{"line":27,"column":20},"end":{"line":27,"column":71}},{"start":{"line":28,"column":20},"end":{"line":28,"column":29}}]},"2":{"line":30,"type":"binary-expr","locations":[{"start":{"line":30,"column":23},"end":{"line":30,"column":37}},{"start":{"line":31,"column":20},"end":{"line":31,"column":61}},{"start":{"line":32,"column":20},"end":{"line":32,"column":70}},{"start":{"line":33,"column":20},"end":{"line":33,"column":26}}]},"3":{"line":37,"type":"cond-expr","locations":[{"start":{"line":38,"column":14},"end":{"line":38,"column":20}},{"start":{"line":39,"column":14},"end":{"line":39,"column":20}}]},"4":{"line":40,"type":"switch","locations":[{"start":{"line":42,"column":8},"end":{"line":47,"column":18}},{"start":{"line":49,"column":8},"end":{"line":52,"column":18}}]},"5":{"line":44,"type":"binary-expr","locations":[{"start":{"line":44,"column":16},"end":{"line":44,"column":44}},{"start":{"line":44,"column":48},"end":{"line":44,"column":66}}]},"6":{"line":50,"type":"binary-expr","locations":[{"start":{"line":50,"column":21},"end":{"line":50,"column":49}},{"start":{"line":50,"column":53},"end":{"line":50,"column":72}}]},"7":{"line":64,"type":"switch","locations":[{"start":{"line":69,"column":4},"end":{"line":70,"column":14}},{"start":{"line":75,"column":4},"end":{"line":76,"column":14}}]},"8":{"line":85,"type":"switch","locations":[{"start":{"line":90,"column":4},"end":{"line":105,"column":14}},{"start":{"line":111,"column":4},"end":{"line":193,"column":14},"skip":true}]},"9":{"line":91,"type":"binary-expr","locations":[{"start":{"line":91,"column":42},"end":{"line":91,"column":73}},{"start":{"line":91,"column":77},"end":{"line":99,"column":9}}]},"10":{"line":102,"type":"binary-expr","locations":[{"start":{"line":102,"column":18},"end":{"line":102,"column":32}},{"start":{"line":103,"column":12},"end":{"line":103,"column":53}},{"start":{"line":104,"column":12},"end":{"line":104,"column":61}}]},"11":{"line":112,"type":"binary-expr","locations":[{"start":{"line":112,"column":45},"end":{"line":112,"column":79},"skip":true},{"start":{"line":112,"column":83},"end":{"line":121,"column":9},"skip":true}]},"12":{"line":123,"type":"binary-expr","locations":[{"start":{"line":123,"column":42},"end":{"line":123,"column":73},"skip":true},{"start":{"line":123,"column":77},"end":{"line":136,"column":9},"skip":true}]},"13":{"line":138,"type":"binary-expr","locations":[{"start":{"line":138,"column":48},"end":{"line":138,"column":85},"skip":true},{"start":{"line":139,"column":12},"end":{"line":145,"column":13},"skip":true}]},"14":{"line":147,"type":"binary-expr","locations":[{"start":{"line":147,"column":42},"end":{"line":147,"column":73},"skip":true},{"start":{"line":147,"column":77},"end":{"line":156,"column":9},"skip":true}]},"15":{"line":158,"type":"binary-expr","locations":[{"start":{"line":158,"column":45},"end":{"line":158,"column":79},"skip":true},{"start":{"line":158,"column":83},"end":{"line":167,"column":9},"skip":true}]},"16":{"line":169,"type":"binary-expr","locations":[{"start":{"line":169,"column":43},"end":{"line":169,"column":75},"skip":true},{"start":{"line":169,"column":79},"end":{"line":178,"column":9},"skip":true}]},"17":{"line":180,"type":"binary-expr","locations":[{"start":{"line":180,"column":41},"end":{"line":180,"column":71},"skip":true},{"start":{"line":180,"column":75},"end":{"line":189,"column":9},"skip":true}]}},"code":["/* istanbul instrument in package npmtest_statsd */","/*jslint","    bitwise: true,","    browser: true,","    maxerr: 8,","    maxlen: 96,","    node: true,","    nomen: true,","    regexp: true,","    stupid: true","*/","(function () {","    'use strict';","    var local;","","","","    // run shared js-env code - pre-init","    (function () {","        // init local","        local = {};","        // init modeJs","        local.modeJs = (function () {","            try {","                return typeof navigator.userAgent === 'string' &&","                    typeof document.querySelector('body') === 'object' &&","                    typeof XMLHttpRequest.prototype.open === 'function' &&","                    'browser';","            } catch (errorCaughtBrowser) {","                return module.exports &&","                    typeof process.versions.node === 'string' &&","                    typeof require('http').createServer === 'function' &&","                    'node';","            }","        }());","        // init global","        local.global = local.modeJs === 'browser'","            ? window","            : global;","        switch (local.modeJs) {","        // re-init local from window.local","        case 'browser':","            local = local.global.utility2.objectSetDefault(","                local.global.utility2_rollup || local.global.local,","                local.global.utility2","            );","            break;","        // re-init local from example.js","        case 'node':","            local = (local.global.utility2_rollup || require('utility2'))","                .requireExampleJsFromReadme();","            break;","        }","        // export local","        local.global.local = local;","    }());","","","","    // run shared js-env code - function","    (function () {","        return;","    }());","    switch (local.modeJs) {","","","","    // run browser js-env code - function","    case 'browser':","        break;","","","","    // run node js-env code - function","    case 'node':","        break;","    }","","","","    // run shared js-env code - post-init","    (function () {","        return;","    }());","    switch (local.modeJs) {","","","","    // run browser js-env code - post-init","    case 'browser':","        local.testCase_browser_nullCase = local.testCase_browser_nullCase || function (","            options,","            onError","        ) {","        /*","         * this function will test browsers's null-case handling-behavior-behavior","         */","            onError(null, options);","        };","","        // run tests","        local.nop(local.modeTest &&","            document.querySelector('#testRunButton1') &&","            document.querySelector('#testRunButton1').click());","        break;","","","","    // run node js-env code - post-init","    /* istanbul ignore next */","    case 'node':","        local.testCase_buildApidoc_default = local.testCase_buildApidoc_default || function (","            options,","            onError","        ) {","        /*","         * this function will test buildApidoc's default handling-behavior-behavior","         */","            options = { modulePathList: module.paths };","            local.buildApidoc(options, onError);","        };","","        local.testCase_buildApp_default = local.testCase_buildApp_default || function (","            options,","            onError","        ) {","        /*","         * this function will test buildApp's default handling-behavior-behavior","         */","            local.testCase_buildReadme_default(options, local.onErrorThrow);","            local.testCase_buildLib_default(options, local.onErrorThrow);","            local.testCase_buildTest_default(options, local.onErrorThrow);","            local.testCase_buildCustomOrg_default(options, local.onErrorThrow);","            options = [];","            local.buildApp(options, onError);","        };","","        local.testCase_buildCustomOrg_default = local.testCase_buildCustomOrg_default ||","            function (options, onError) {","            /*","             * this function will test buildCustomOrg's default handling-behavior","             */","                options = {};","                local.buildCustomOrg(options, onError);","            };","","        local.testCase_buildLib_default = local.testCase_buildLib_default || function (","            options,","            onError","        ) {","        /*","         * this function will test buildLib's default handling-behavior","         */","            options = {};","            local.buildLib(options, onError);","        };","","        local.testCase_buildReadme_default = local.testCase_buildReadme_default || function (","            options,","            onError","        ) {","        /*","         * this function will test buildReadme's default handling-behavior-behavior","         */","            options = {};","            local.buildReadme(options, onError);","        };","","        local.testCase_buildTest_default = local.testCase_buildTest_default || function (","            options,","            onError","        ) {","        /*","         * this function will test buildTest's default handling-behavior","         */","            options = {};","            local.buildTest(options, onError);","        };","","        local.testCase_webpage_default = local.testCase_webpage_default || function (","            options,","            onError","        ) {","        /*","         * this function will test webpage's default handling-behavior","         */","            options = { modeCoverageMerge: true, url: local.serverLocalHost + '?modeTest=1' };","            local.browserTest(options, onError);","        };","","        // run test-server","        local.testRunServer(local);","        break;","    }","}());",""],"l":{"12":2,"14":2,"19":2,"21":2,"23":2,"24":2,"25":2,"30":1,"37":2,"40":2,"43":1,"47":1,"50":1,"52":1,"55":2,"61":2,"62":2,"64":2,"70":1,"76":1,"82":2,"83":2,"85":2,"91":1,"98":1,"102":1,"105":1,"112":1,"119":1,"120":1,"123":1,"130":1,"131":1,"132":1,"133":1,"134":1,"135":1,"138":1,"143":2,"144":2,"147":1,"154":2,"155":2,"158":1,"165":2,"166":2,"169":1,"176":2,"177":2,"180":1,"187":1,"188":1,"192":1,"193":1}},"/home/travis/build/npmtest/node-npmtest-statsd/lib.npmtest_statsd.js":{"path":"/home/travis/build/npmtest/node-npmtest-statsd/lib.npmtest_statsd.js","s":{"1":2,"2":2,"3":2,"4":2,"5":2,"6":2,"7":2,"8":1,"9":2,"10":2,"11":2,"12":2,"13":1,"14":1,"15":1,"16":1},"b":{"1":[2,1,1,1],"2":[1,1,1,1],"3":[1,1],"4":[2,2],"5":[1,1]},"f":{"1":2,"2":2,"3":2},"fnMap":{"1":{"name":"(anonymous_1)","line":12,"loc":{"start":{"line":12,"column":1},"end":{"line":12,"column":13}}},"2":{"name":"(anonymous_2)","line":19,"loc":{"start":{"line":19,"column":5},"end":{"line":19,"column":17}}},"3":{"name":"(anonymous_3)","line":23,"loc":{"start":{"line":23,"column":24},"end":{"line":23,"column":36}}}},"statementMap":{"1":{"start":{"line":12,"column":0},"end":{"line":53,"column":5}},"2":{"start":{"line":14,"column":4},"end":{"line":14,"column":14}},"3":{"start":{"line":19,"column":4},"end":{"line":52,"column":9}},"4":{"start":{"line":21,"column":8},"end":{"line":21,"column":19}},"5":{"start":{"line":23,"column":8},"end":{"line":35,"column":13}},"6":{"start":{"line":24,"column":12},"end":{"line":34,"column":13}},"7":{"start":{"line":25,"column":16},"end":{"line":28,"column":30}},"8":{"start":{"line":30,"column":16},"end":{"line":33,"column":27}},"9":{"start":{"line":37,"column":8},"end":{"line":39,"column":21}},"10":{"start":{"line":41,"column":8},"end":{"line":41,"column":54}},"11":{"start":{"line":43,"column":8},"end":{"line":43,"column":51}},"12":{"start":{"line":45,"column":8},"end":{"line":51,"column":9}},"13":{"start":{"line":46,"column":12},"end":{"line":46,"column":57}},"14":{"start":{"line":48,"column":12},"end":{"line":48,"column":35}},"15":{"start":{"line":49,"column":12},"end":{"line":49,"column":49}},"16":{"start":{"line":50,"column":12},"end":{"line":50,"column":43}}},"branchMap":{"1":{"line":25,"type":"binary-expr","locations":[{"start":{"line":25,"column":23},"end":{"line":25,"column":62}},{"start":{"line":26,"column":20},"end":{"line":26,"column":70}},{"start":{"line":27,"column":20},"end":{"line":27,"column":71}},{"start":{"line":28,"column":20},"end":{"line":28,"column":29}}]},"2":{"line":30,"type":"binary-expr","locations":[{"start":{"line":30,"column":23},"end":{"line":30,"column":37}},{"start":{"line":31,"column":20},"end":{"line":31,"column":61}},{"start":{"line":32,"column":20},"end":{"line":32,"column":70}},{"start":{"line":33,"column":20},"end":{"line":33,"column":26}}]},"3":{"line":37,"type":"cond-expr","locations":[{"start":{"line":38,"column":14},"end":{"line":38,"column":20}},{"start":{"line":39,"column":14},"end":{"line":39,"column":20}}]},"4":{"line":41,"type":"binary-expr","locations":[{"start":{"line":41,"column":16},"end":{"line":41,"column":44}},{"start":{"line":41,"column":48},"end":{"line":41,"column":53}}]},"5":{"line":45,"type":"if","locations":[{"start":{"line":45,"column":8},"end":{"line":45,"column":8}},{"start":{"line":45,"column":8},"end":{"line":45,"column":8}}]}},"code":["/* istanbul instrument in package npmtest_statsd */","/*jslint","    bitwise: true,","    browser: true,","    maxerr: 8,","    maxlen: 96,","    node: true,","    nomen: true,","    regexp: true,","    stupid: true","*/","(function () {","    'use strict';","    var local;","","","","    // run shared js-env code - pre-init","    (function () {","        // init local","        local = {};","        // init modeJs","        local.modeJs = (function () {","            try {","                return typeof navigator.userAgent === 'string' &&","                    typeof document.querySelector('body') === 'object' &&","                    typeof XMLHttpRequest.prototype.open === 'function' &&","                    'browser';","            } catch (errorCaughtBrowser) {","                return module.exports &&","                    typeof process.versions.node === 'string' &&","                    typeof require('http').createServer === 'function' &&","                    'node';","            }","        }());","        // init global","        local.global = local.modeJs === 'browser'","            ? window","            : global;","        // init utility2_rollup","        local = local.global.utility2_rollup || local;","        // init lib","        local.local = local.npmtest_statsd = local;","        // init exports","        if (local.modeJs === 'browser') {","            local.global.utility2_npmtest_statsd = local;","        } else {","            module.exports = local;","            module.exports.__dirname = __dirname;","            module.exports.module = module;","        }","    }());","}());",""],"l":{"12":2,"14":2,"19":2,"21":2,"23":2,"24":2,"25":2,"30":1,"37":2,"41":2,"43":2,"45":2,"46":1,"48":1,"49":1,"50":1}},"/home/travis/build/npmtest/node-npmtest-statsd/example.js":{"path":"/home/travis/build/npmtest/node-npmtest-statsd/example.js","s":{"1":2,"2":2,"3":2,"4":2,"5":2,"6":2,"7":2,"8":1,"9":2,"10":2,"11":2,"12":2,"13":1,"14":2,"15":2,"16":2,"17":2,"18":2,"19":0,"20":2,"21":1,"22":1,"23":1,"24":1,"25":1,"26":0,"27":0,"28":1,"29":1,"30":2,"31":0,"32":0,"33":0,"34":1,"35":2,"36":2,"37":3,"38":3,"39":3,"40":3,"41":0,"42":3,"43":3,"44":3,"45":1,"46":3,"47":1,"48":1,"49":1,"50":1,"51":1,"52":1,"53":1,"54":1,"55":1,"56":1,"57":0,"58":1,"59":6,"60":6,"61":1,"62":2,"63":0,"64":2,"65":1,"66":1,"67":0,"68":0,"69":0,"70":0,"71":0,"72":0,"73":0,"74":0,"75":0,"76":0,"77":0,"78":0,"79":0,"80":0,"81":0,"82":0,"83":0},"b":{"1":[2,1,1,1],"2":[1,1,1,1],"3":[1,1],"4":[2,2],"5":[1,1],"6":[1,1],"7":[2,0],"8":[2,1,1,1,1,1],"9":[0,2,0],"10":[1,1],"11":[2,1,1],"12":[1,0],"13":[0,2],"14":[2,0,0,0,0,0,0],"15":[0,3],"16":[3,0],"17":[1,1],"18":[0,1],"19":[1,2,0,2],"20":[1,0],"21":[1,1],"22":[0,0],"23":[0,0],"24":[0,0],"25":[0,0],"26":[0,0],"27":[0,0],"28":[0,0]},"f":{"1":2,"2":2,"3":2,"4":2,"5":2,"6":2,"7":3,"8":3,"9":3,"10":1,"11":6,"12":0},"fnMap":{"1":{"name":"(anonymous_1)","line":26,"loc":{"start":{"line":26,"column":1},"end":{"line":26,"column":13}}},"2":{"name":"(anonymous_2)","line":33,"loc":{"start":{"line":33,"column":5},"end":{"line":33,"column":17}}},"3":{"name":"(anonymous_3)","line":37,"loc":{"start":{"line":37,"column":24},"end":{"line":37,"column":36}}},"4":{"name":"(anonymous_4)","line":69,"loc":{"start":{"line":69,"column":31},"end":{"line":69,"column":48}},"skip":true},"5":{"name":"(anonymous_5)","line":78,"loc":{"start":{"line":78,"column":26},"end":{"line":78,"column":45}},"skip":true},"6":{"name":"(anonymous_6)","line":123,"loc":{"start":{"line":123,"column":33},"end":{"line":123,"column":48}},"skip":true},"7":{"name":"(anonymous_7)","line":125,"loc":{"start":{"line":125,"column":27},"end":{"line":125,"column":39}},"skip":true},"8":{"name":"(anonymous_8)","line":133,"loc":{"start":{"line":133,"column":59},"end":{"line":133,"column":74}},"skip":true},"9":{"name":"(anonymous_9)","line":143,"loc":{"start":{"line":143,"column":45},"end":{"line":143,"column":62}},"skip":true},"10":{"name":"(anonymous_10)","line":144,"loc":{"start":{"line":144,"column":73},"end":{"line":144,"column":92}},"skip":true},"11":{"name":"(anonymous_11)","line":272,"loc":{"start":{"line":272,"column":51},"end":{"line":272,"column":77}},"skip":true},"12":{"name":"(anonymous_12)","line":315,"loc":{"start":{"line":315,"column":32},"end":{"line":315,"column":61}},"skip":true}},"statementMap":{"1":{"start":{"line":26,"column":0},"end":{"line":326,"column":5}},"2":{"start":{"line":28,"column":4},"end":{"line":28,"column":14}},"3":{"start":{"line":33,"column":4},"end":{"line":60,"column":9}},"4":{"start":{"line":35,"column":8},"end":{"line":35,"column":19}},"5":{"start":{"line":37,"column":8},"end":{"line":49,"column":13}},"6":{"start":{"line":38,"column":12},"end":{"line":48,"column":13}},"7":{"start":{"line":39,"column":16},"end":{"line":42,"column":30}},"8":{"start":{"line":44,"column":16},"end":{"line":47,"column":27}},"9":{"start":{"line":51,"column":8},"end":{"line":53,"column":21}},"10":{"start":{"line":55,"column":8},"end":{"line":57,"column":45}},"11":{"start":{"line":59,"column":8},"end":{"line":59,"column":35}},"12":{"start":{"line":61,"column":4},"end":{"line":325,"column":5}},"13":{"start":{"line":69,"column":8},"end":{"line":121,"column":10},"skip":true},"14":{"start":{"line":70,"column":12},"end":{"line":88,"column":13},"skip":true},"15":{"start":{"line":76,"column":16},"end":{"line":87,"column":19},"skip":true},"16":{"start":{"line":79,"column":20},"end":{"line":86,"column":21},"skip":true},"17":{"start":{"line":82,"column":24},"end":{"line":82,"column":43},"skip":true},"18":{"start":{"line":83,"column":24},"end":{"line":83,"column":30},"skip":true},"19":{"start":{"line":85,"column":24},"end":{"line":85,"column":49},"skip":true},"20":{"start":{"line":89,"column":12},"end":{"line":107,"column":13},"skip":true},"21":{"start":{"line":92,"column":16},"end":{"line":102,"column":17},"skip":true},"22":{"start":{"line":93,"column":20},"end":{"line":93,"column":86},"skip":true},"23":{"start":{"line":94,"column":20},"end":{"line":95,"column":45},"skip":true},"24":{"start":{"line":96,"column":20},"end":{"line":96,"column":42},"skip":true},"25":{"start":{"line":97,"column":20},"end":{"line":97,"column":48},"skip":true},"26":{"start":{"line":100,"column":20},"end":{"line":100,"column":85},"skip":true},"27":{"start":{"line":101,"column":20},"end":{"line":101,"column":96},"skip":true},"28":{"start":{"line":103,"column":16},"end":{"line":103,"column":22},"skip":true},"29":{"start":{"line":106,"column":16},"end":{"line":106,"column":22},"skip":true},"30":{"start":{"line":108,"column":12},"end":{"line":120,"column":13},"skip":true},"31":{"start":{"line":114,"column":16},"end":{"line":119,"column":17},"skip":true},"32":{"start":{"line":116,"column":20},"end":{"line":116,"column":78},"skip":true},"33":{"start":{"line":118,"column":20},"end":{"line":118,"column":47},"skip":true},"34":{"start":{"line":123,"column":8},"end":{"line":141,"column":11},"skip":true},"35":{"start":{"line":124,"column":12},"end":{"line":124,"column":54},"skip":true},"36":{"start":{"line":125,"column":12},"end":{"line":140,"column":14},"skip":true},"37":{"start":{"line":126,"column":16},"end":{"line":126,"column":28},"skip":true},"38":{"start":{"line":127,"column":16},"end":{"line":127,"column":69},"skip":true},"39":{"start":{"line":128,"column":16},"end":{"line":128,"column":75},"skip":true},"40":{"start":{"line":129,"column":16},"end":{"line":131,"column":17},"skip":true},"41":{"start":{"line":130,"column":20},"end":{"line":130,"column":27},"skip":true},"42":{"start":{"line":133,"column":16},"end":{"line":137,"column":36},"skip":true},"43":{"start":{"line":134,"column":20},"end":{"line":136,"column":55},"skip":true},"44":{"start":{"line":139,"column":16},"end":{"line":139,"column":57},"skip":true},"45":{"start":{"line":143,"column":8},"end":{"line":147,"column":11},"skip":true},"46":{"start":{"line":144,"column":12},"end":{"line":146,"column":15},"skip":true},"47":{"start":{"line":145,"column":16},"end":{"line":145,"column":70},"skip":true},"48":{"start":{"line":149,"column":8},"end":{"line":149,"column":31},"skip":true},"49":{"start":{"line":150,"column":8},"end":{"line":150,"column":14},"skip":true},"50":{"start":{"line":158,"column":8},"end":{"line":158,"column":31},"skip":true},"51":{"start":{"line":160,"column":8},"end":{"line":160,"column":33},"skip":true},"52":{"start":{"line":161,"column":8},"end":{"line":161,"column":37},"skip":true},"53":{"start":{"line":162,"column":8},"end":{"line":162,"column":35},"skip":true},"54":{"start":{"line":164,"column":8},"end":{"line":164,"column":50},"skip":true},"55":{"start":{"line":166,"column":8},"end":{"line":256,"column":2},"skip":true},"56":{"start":{"line":258,"column":8},"end":{"line":286,"column":9},"skip":true},"57":{"start":{"line":259,"column":12},"end":{"line":269,"column":14},"skip":true},"58":{"start":{"line":271,"column":12},"end":{"line":285,"column":19},"skip":true},"59":{"start":{"line":274,"column":20},"end":{"line":274,"column":35},"skip":true},"60":{"start":{"line":275,"column":20},"end":{"line":284,"column":21},"skip":true},"61":{"start":{"line":277,"column":24},"end":{"line":277,"column":64},"skip":true},"62":{"start":{"line":279,"column":24},"end":{"line":279,"column":40},"skip":true},"63":{"start":{"line":281,"column":24},"end":{"line":281,"column":40},"skip":true},"64":{"start":{"line":283,"column":24},"end":{"line":283,"column":39},"skip":true},"65":{"start":{"line":288,"column":8},"end":{"line":290,"column":9},"skip":true},"66":{"start":{"line":289,"column":12},"end":{"line":289,"column":18},"skip":true},"67":{"start":{"line":291,"column":8},"end":{"line":293,"column":54},"skip":true},"68":{"start":{"line":296,"column":8},"end":{"line":301,"column":37},"skip":true},"69":{"start":{"line":303,"column":8},"end":{"line":303,"column":82},"skip":true},"70":{"start":{"line":306,"column":8},"end":{"line":308,"column":9},"skip":true},"71":{"start":{"line":307,"column":12},"end":{"line":307,"column":82},"skip":true},"72":{"start":{"line":310,"column":8},"end":{"line":312,"column":9},"skip":true},"73":{"start":{"line":311,"column":12},"end":{"line":311,"column":18},"skip":true},"74":{"start":{"line":313,"column":8},"end":{"line":313,"column":54},"skip":true},"75":{"start":{"line":314,"column":8},"end":{"line":314,"column":69},"skip":true},"76":{"start":{"line":315,"column":8},"end":{"line":323,"column":36},"skip":true},"77":{"start":{"line":316,"column":12},"end":{"line":316,"column":61},"skip":true},"78":{"start":{"line":317,"column":12},"end":{"line":320,"column":13},"skip":true},"79":{"start":{"line":318,"column":16},"end":{"line":318,"column":75},"skip":true},"80":{"start":{"line":319,"column":16},"end":{"line":319,"column":23},"skip":true},"81":{"start":{"line":321,"column":12},"end":{"line":321,"column":38},"skip":true},"82":{"start":{"line":322,"column":12},"end":{"line":322,"column":27},"skip":true},"83":{"start":{"line":324,"column":8},"end":{"line":324,"column":14},"skip":true}},"branchMap":{"1":{"line":39,"type":"binary-expr","locations":[{"start":{"line":39,"column":23},"end":{"line":39,"column":62}},{"start":{"line":40,"column":20},"end":{"line":40,"column":70}},{"start":{"line":41,"column":20},"end":{"line":41,"column":71}},{"start":{"line":42,"column":20},"end":{"line":42,"column":29}}]},"2":{"line":44,"type":"binary-expr","locations":[{"start":{"line":44,"column":23},"end":{"line":44,"column":37}},{"start":{"line":45,"column":20},"end":{"line":45,"column":61}},{"start":{"line":46,"column":20},"end":{"line":46,"column":70}},{"start":{"line":47,"column":20},"end":{"line":47,"column":26}}]},"3":{"line":51,"type":"cond-expr","locations":[{"start":{"line":52,"column":14},"end":{"line":52,"column":20}},{"start":{"line":53,"column":14},"end":{"line":53,"column":20}}]},"4":{"line":55,"type":"binary-expr","locations":[{"start":{"line":55,"column":16},"end":{"line":55,"column":44}},{"start":{"line":55,"column":49},"end":{"line":57,"column":43}}]},"5":{"line":55,"type":"cond-expr","locations":[{"start":{"line":56,"column":14},"end":{"line":56,"column":50}},{"start":{"line":57,"column":14},"end":{"line":57,"column":43}}]},"6":{"line":61,"type":"switch","locations":[{"start":{"line":68,"column":4},"end":{"line":150,"column":14},"skip":true},{"start":{"line":156,"column":4},"end":{"line":324,"column":14},"skip":true}]},"7":{"line":70,"type":"if","locations":[{"start":{"line":70,"column":12},"end":{"line":70,"column":12},"skip":true},{"start":{"line":70,"column":12},"end":{"line":70,"column":12},"skip":true}]},"8":{"line":70,"type":"binary-expr","locations":[{"start":{"line":70,"column":16},"end":{"line":70,"column":22},"skip":true},{"start":{"line":70,"column":27},"end":{"line":70,"column":32},"skip":true},{"start":{"line":71,"column":20},"end":{"line":71,"column":39},"skip":true},{"start":{"line":72,"column":20},"end":{"line":72,"column":49},"skip":true},{"start":{"line":73,"column":20},"end":{"line":73,"column":58},"skip":true},{"start":{"line":74,"column":20},"end":{"line":74,"column":69},"skip":true}]},"9":{"line":79,"type":"switch","locations":[{"start":{"line":80,"column":20},"end":{"line":80,"column":33},"skip":true},{"start":{"line":81,"column":20},"end":{"line":83,"column":30},"skip":true},{"start":{"line":84,"column":20},"end":{"line":85,"column":49},"skip":true}]},"10":{"line":89,"type":"switch","locations":[{"start":{"line":90,"column":12},"end":{"line":103,"column":22},"skip":true},{"start":{"line":105,"column":12},"end":{"line":106,"column":22},"skip":true}]},"11":{"line":89,"type":"binary-expr","locations":[{"start":{"line":89,"column":20},"end":{"line":89,"column":25},"skip":true},{"start":{"line":89,"column":29},"end":{"line":89,"column":48},"skip":true},{"start":{"line":89,"column":52},"end":{"line":89,"column":74},"skip":true}]},"12":{"line":92,"type":"if","locations":[{"start":{"line":92,"column":16},"end":{"line":92,"column":16},"skip":true},{"start":{"line":92,"column":16},"end":{"line":92,"column":16},"skip":true}]},"13":{"line":108,"type":"if","locations":[{"start":{"line":108,"column":12},"end":{"line":108,"column":12},"skip":true},{"start":{"line":108,"column":12},"end":{"line":108,"column":12},"skip":true}]},"14":{"line":108,"type":"binary-expr","locations":[{"start":{"line":108,"column":16},"end":{"line":108,"column":61},"skip":true},{"start":{"line":108,"column":66},"end":{"line":108,"column":72},"skip":true},{"start":{"line":108,"column":77},"end":{"line":108,"column":82},"skip":true},{"start":{"line":109,"column":20},"end":{"line":109,"column":39},"skip":true},{"start":{"line":110,"column":20},"end":{"line":110,"column":49},"skip":true},{"start":{"line":111,"column":20},"end":{"line":111,"column":58},"skip":true},{"start":{"line":112,"column":20},"end":{"line":112,"column":68},"skip":true}]},"15":{"line":129,"type":"if","locations":[{"start":{"line":129,"column":16},"end":{"line":129,"column":16},"skip":true},{"start":{"line":129,"column":16},"end":{"line":129,"column":16},"skip":true}]},"16":{"line":134,"type":"cond-expr","locations":[{"start":{"line":135,"column":26},"end":{"line":135,"column":29},"skip":true},{"start":{"line":136,"column":26},"end":{"line":136,"column":54},"skip":true}]},"17":{"line":164,"type":"binary-expr","locations":[{"start":{"line":164,"column":27},"end":{"line":164,"column":43},"skip":true},{"start":{"line":164,"column":47},"end":{"line":164,"column":49},"skip":true}]},"18":{"line":258,"type":"if","locations":[{"start":{"line":258,"column":8},"end":{"line":258,"column":8},"skip":true},{"start":{"line":258,"column":8},"end":{"line":258,"column":8},"skip":true}]},"19":{"line":275,"type":"switch","locations":[{"start":{"line":276,"column":20},"end":{"line":277,"column":64},"skip":true},{"start":{"line":278,"column":20},"end":{"line":279,"column":40},"skip":true},{"start":{"line":280,"column":20},"end":{"line":281,"column":40},"skip":true},{"start":{"line":282,"column":20},"end":{"line":283,"column":39},"skip":true}]},"20":{"line":288,"type":"if","locations":[{"start":{"line":288,"column":8},"end":{"line":288,"column":8},"skip":true},{"start":{"line":288,"column":8},"end":{"line":288,"column":8},"skip":true}]},"21":{"line":288,"type":"binary-expr","locations":[{"start":{"line":288,"column":12},"end":{"line":288,"column":40},"skip":true},{"start":{"line":288,"column":44},"end":{"line":288,"column":67},"skip":true}]},"22":{"line":292,"type":"binary-expr","locations":[{"start":{"line":292,"column":12},"end":{"line":292,"column":50},"skip":true},{"start":{"line":293,"column":12},"end":{"line":293,"column":53},"skip":true}]},"23":{"line":297,"type":"binary-expr","locations":[{"start":{"line":297,"column":12},"end":{"line":297,"column":64},"skip":true},{"start":{"line":298,"column":12},"end":{"line":301,"column":36},"skip":true}]},"24":{"line":303,"type":"binary-expr","locations":[{"start":{"line":303,"column":43},"end":{"line":303,"column":75},"skip":true},{"start":{"line":303,"column":79},"end":{"line":303,"column":81},"skip":true}]},"25":{"line":306,"type":"if","locations":[{"start":{"line":306,"column":8},"end":{"line":306,"column":8},"skip":true},{"start":{"line":306,"column":8},"end":{"line":306,"column":8},"skip":true}]},"26":{"line":310,"type":"if","locations":[{"start":{"line":310,"column":8},"end":{"line":310,"column":8},"skip":true},{"start":{"line":310,"column":8},"end":{"line":310,"column":8},"skip":true}]},"27":{"line":313,"type":"binary-expr","locations":[{"start":{"line":313,"column":27},"end":{"line":313,"column":43},"skip":true},{"start":{"line":313,"column":47},"end":{"line":313,"column":53},"skip":true}]},"28":{"line":317,"type":"if","locations":[{"start":{"line":317,"column":12},"end":{"line":317,"column":12},"skip":true},{"start":{"line":317,"column":12},"end":{"line":317,"column":12},"skip":true}]}},"code":["/*","example.js","","quickstart example","","instruction","    1. save this script as example.js","    2. run the shell command:","        $ npm install npmtest-statsd && PORT=8081 node example.js","    3. play with the browser-demo on http://127.0.0.1:8081","*/","","","","/* istanbul instrument in package npmtest_statsd */","/*jslint","    bitwise: true,","    browser: true,","    maxerr: 8,","    maxlen: 96,","    node: true,","    nomen: true,","    regexp: true,","    stupid: true","*/","(function () {","    'use strict';","    var local;","","","","    // run shared js-env code - pre-init","    (function () {","        // init local","        local = {};","        // init modeJs","        local.modeJs = (function () {","            try {","                return typeof navigator.userAgent === 'string' &&","                    typeof document.querySelector('body') === 'object' &&","                    typeof XMLHttpRequest.prototype.open === 'function' &&","                    'browser';","            } catch (errorCaughtBrowser) {","                return module.exports &&","                    typeof process.versions.node === 'string' &&","                    typeof require('http').createServer === 'function' &&","                    'node';","            }","        }());","        // init global","        local.global = local.modeJs === 'browser'","            ? window","            : global;","        // init utility2_rollup","        local = local.global.utility2_rollup || (local.modeJs === 'browser'","            ? local.global.utility2_npmtest_statsd","            : global.utility2_moduleExports);","        // export local","        local.global.local = local;","    }());","    switch (local.modeJs) {","","","","    // post-init","    // run browser js-env code - post-init","    /* istanbul ignore next */","    case 'browser':","        local.testRunBrowser = function (event) {","            if (!event || (event &&","                    event.currentTarget &&","                    event.currentTarget.className &&","                    event.currentTarget.className.includes &&","                    event.currentTarget.className.includes('onreset'))) {","                // reset output","                Array.from(","                    document.querySelectorAll('body > .resettable')","                ).forEach(function (element) {","                    switch (element.tagName) {","                    case 'INPUT':","                    case 'TEXTAREA':","                        element.value = '';","                        break;","                    default:","                        element.textContent = '';","                    }","                });","            }","            switch (event && event.currentTarget && event.currentTarget.id) {","            case 'testRunButton1':","                // show tests","                if (document.querySelector('#testReportDiv1').style.display === 'none') {","                    document.querySelector('#testReportDiv1').style.display = 'block';","                    document.querySelector('#testRunButton1').textContent =","                        'hide internal test';","                    local.modeTest = true;","                    local.testRunDefault(local);","                // hide tests","                } else {","                    document.querySelector('#testReportDiv1').style.display = 'none';","                    document.querySelector('#testRunButton1').textContent = 'run internal test';","                }","                break;","            // custom-case","            default:","                break;","            }","            if (document.querySelector('#inputTextareaEval1') && (!event || (event &&","                    event.currentTarget &&","                    event.currentTarget.className &&","                    event.currentTarget.className.includes &&","                    event.currentTarget.className.includes('oneval')))) {","                // try to eval input-code","                try {","                    /*jslint evil: true*/","                    eval(document.querySelector('#inputTextareaEval1').value);","                } catch (errorCaught) {","                    console.error(errorCaught);","                }","            }","        };","        // log stderr and stdout to #outputTextareaStdout1","        ['error', 'log'].forEach(function (key) {","            console[key + '_original'] = console[key];","            console[key] = function () {","                var element;","                console[key + '_original'].apply(console, arguments);","                element = document.querySelector('#outputTextareaStdout1');","                if (!element) {","                    return;","                }","                // append text to #outputTextareaStdout1","                element.value += Array.from(arguments).map(function (arg) {","                    return typeof arg === 'string'","                        ? arg","                        : JSON.stringify(arg, null, 4);","                }).join(' ') + '\\n';","                // scroll textarea to bottom","                element.scrollTop = element.scrollHeight;","            };","        });","        // init event-handling","        ['change', 'click', 'keyup'].forEach(function (event) {","            Array.from(document.querySelectorAll('.on' + event)).forEach(function (element) {","                element.addEventListener(event, local.testRunBrowser);","            });","        });","        // run tests","        local.testRunBrowser();","        break;","","","","    // run node js-env code - post-init","    /* istanbul ignore next */","    case 'node':","        // export local","        module.exports = local;","        // require modules","        local.fs = require('fs');","        local.http = require('http');","        local.url = require('url');","        // init assets","        local.assetsDict = local.assetsDict || {};","        /* jslint-ignore-begin */","        local.assetsDict['/assets.index.template.html'] = '\\","<!doctype html>\\n\\","<html lang=\"en\">\\n\\","<head>\\n\\","<meta charset=\"UTF-8\">\\n\\","<meta name=\"viewport\" content=\"width=device-width, initial-scale=1\">\\n\\","<title>{{env.npm_package_name}} (v{{env.npm_package_version}})</title>\\n\\","<style>\\n\\","/*csslint\\n\\","    box-sizing: false,\\n\\","    universal-selector: false\\n\\","*/\\n\\","* {\\n\\","    box-sizing: border-box;\\n\\","}\\n\\","body {\\n\\","    background: #dde;\\n\\","    font-family: Arial, Helvetica, sans-serif;\\n\\","    margin: 2rem;\\n\\","}\\n\\","body > * {\\n\\","    margin-bottom: 1rem;\\n\\","}\\n\\",".utility2FooterDiv {\\n\\","    margin-top: 20px;\\n\\","    text-align: center;\\n\\","}\\n\\","</style>\\n\\","<style>\\n\\","/*csslint\\n\\","*/\\n\\","textarea {\\n\\","    font-family: monospace;\\n\\","    height: 10rem;\\n\\","    width: 100%;\\n\\","}\\n\\","textarea[readonly] {\\n\\","    background: #ddd;\\n\\","}\\n\\","</style>\\n\\","</head>\\n\\","<body>\\n\\","<!-- utility2-comment\\n\\","<div id=\"ajaxProgressDiv1\" style=\"background: #d00; height: 2px; left: 0; margin: 0; padding: 0; position: fixed; top: 0; transition: background 0.5s, width 1.5s; width: 25%;\"></div>\\n\\","utility2-comment -->\\n\\","<h1>\\n\\","<!-- utility2-comment\\n\\","    <a\\n\\","        {{#if env.npm_package_homepage}}\\n\\","        href=\"{{env.npm_package_homepage}}\"\\n\\","        {{/if env.npm_package_homepage}}\\n\\","        target=\"_blank\"\\n\\","    >\\n\\","utility2-comment -->\\n\\","        {{env.npm_package_name}} (v{{env.npm_package_version}})\\n\\","<!-- utility2-comment\\n\\","    </a>\\n\\","utility2-comment -->\\n\\","</h1>\\n\\","<h3>{{env.npm_package_description}}</h3>\\n\\","<!-- utility2-comment\\n\\","<h4><a download href=\"assets.app.js\">download standalone app</a></h4>\\n\\","<button class=\"onclick onreset\" id=\"testRunButton1\">run internal test</button><br>\\n\\","<div id=\"testReportDiv1\" style=\"display: none;\"></div>\\n\\","utility2-comment -->\\n\\","\\n\\","\\n\\","\\n\\","<label>stderr and stdout</label>\\n\\","<textarea class=\"resettable\" id=\"outputTextareaStdout1\" readonly></textarea>\\n\\","<!-- utility2-comment\\n\\","{{#if isRollup}}\\n\\","<script src=\"assets.app.js\"></script>\\n\\","{{#unless isRollup}}\\n\\","utility2-comment -->\\n\\","<script src=\"assets.utility2.rollup.js\"></script>\\n\\","<script src=\"jsonp.utility2._stateInit?callback=window.utility2._stateInit\"></script>\\n\\","<script src=\"assets.npmtest_statsd.rollup.js\"></script>\\n\\","<script src=\"assets.example.js\"></script>\\n\\","<script src=\"assets.test.js\"></script>\\n\\","<!-- utility2-comment\\n\\","{{/if isRollup}}\\n\\","utility2-comment -->\\n\\","<div class=\"utility2FooterDiv\">\\n\\","    [ this app was created with\\n\\","    <a href=\"https://github.com/kaizhu256/node-utility2\" target=\"_blank\">utility2</a>\\n\\","    ]\\n\\","</div>\\n\\","</body>\\n\\","</html>\\n\\","';","        /* jslint-ignore-end */","        if (local.templateRender) {","            local.assetsDict['/'] = local.templateRender(","                local.assetsDict['/assets.index.template.html'],","                {","                    env: local.objectSetDefault(local.env, {","                        npm_package_description: 'the greatest app in the world!',","                        npm_package_name: 'my-app',","                        npm_package_nameAlias: 'my_app',","                        npm_package_version: '0.0.1'","                    })","                }","            );","        } else {","            local.assetsDict['/'] = local.assetsDict['/assets.index.template.html']","                .replace((/\\{\\{env\\.(\\w+?)\\}\\}/g), function (match0, match1) {","                    // jslint-hack","                    String(match0);","                    switch (match1) {","                    case 'npm_package_description':","                        return 'the greatest app in the world!';","                    case 'npm_package_name':","                        return 'my-app';","                    case 'npm_package_nameAlias':","                        return 'my_app';","                    case 'npm_package_version':","                        return '0.0.1';","                    }","                });","        }","        // run the cli","        if (local.global.utility2_rollup || module !== require.main) {","            break;","        }","        local.assetsDict['/assets.example.js'] =","            local.assetsDict['/assets.example.js'] ||","            local.fs.readFileSync(__filename, 'utf8');","        // bug-workaround - long $npm_package_buildCustomOrg","        /* jslint-ignore-begin */","        local.assetsDict['/assets.npmtest_statsd.rollup.js'] =","            local.assetsDict['/assets.npmtest_statsd.rollup.js'] ||","            local.fs.readFileSync(","                local.npmtest_statsd.__dirname + '/lib.npmtest_statsd.js',","                'utf8'","            ).replace((/^#!/), '//');","        /* jslint-ignore-end */","        local.assetsDict['/favicon.ico'] = local.assetsDict['/favicon.ico'] || '';","        // if $npm_config_timeout_exit exists,","        // then exit this process after $npm_config_timeout_exit ms","        if (Number(process.env.npm_config_timeout_exit)) {","            setTimeout(process.exit, Number(process.env.npm_config_timeout_exit));","        }","        // start server","        if (local.global.utility2_serverHttp1) {","            break;","        }","        process.env.PORT = process.env.PORT || '8081';","        console.error('server starting on port ' + process.env.PORT);","        local.http.createServer(function (request, response) {","            request.urlParsed = local.url.parse(request.url);","            if (local.assetsDict[request.urlParsed.pathname] !== undefined) {","                response.end(local.assetsDict[request.urlParsed.pathname]);","                return;","            }","            response.statusCode = 404;","            response.end();","        }).listen(process.env.PORT);","        break;","    }","}());",""],"l":{"26":2,"28":2,"33":2,"35":2,"37":2,"38":2,"39":2,"44":1,"51":2,"55":2,"59":2,"61":2,"69":1,"70":2,"76":2,"79":2,"82":2,"83":2,"85":1,"89":2,"92":1,"93":1,"94":1,"96":1,"97":1,"100":1,"101":1,"103":1,"106":1,"108":2,"114":1,"116":1,"118":1,"123":1,"124":2,"125":2,"126":3,"127":3,"128":3,"129":3,"130":1,"133":3,"134":3,"139":3,"143":1,"144":3,"145":1,"149":1,"150":1,"158":1,"160":1,"161":1,"162":1,"164":1,"166":1,"258":1,"259":1,"271":1,"274":6,"275":6,"277":1,"279":2,"281":1,"283":2,"288":1,"289":1,"291":1,"296":1,"303":1,"306":1,"307":1,"310":1,"311":1,"313":1,"314":1,"315":1,"316":1,"317":1,"318":1,"319":1,"321":1,"322":1,"324":1}},"/home/travis/build/npmtest/node-npmtest-statsd/node_modules/statsd/backends/console.js":{"path":"/home/travis/build/npmtest/node-npmtest-statsd/node_modules/statsd/backends/console.js","s":{"1":1,"2":1,"3":0,"4":0,"5":0,"6":0,"7":0,"8":0,"9":0,"10":0,"11":1,"12":0,"13":0,"14":0,"15":0,"16":0,"17":0,"18":0,"19":0,"20":0,"21":1,"22":0,"23":0,"24":1,"25":0,"26":0},"b":{"1":[0,0],"2":[0,0]},"f":{"1":0,"2":0,"3":0,"4":0,"5":0,"6":0,"7":0,"8":0},"fnMap":{"1":{"name":"ConsoleBackend","line":5,"loc":{"start":{"line":5,"column":0},"end":{"line":5,"column":53}}},"2":{"name":"(anonymous_2)","line":12,"loc":{"start":{"line":12,"column":22},"end":{"line":12,"column":51}}},"3":{"name":"(anonymous_3)","line":13,"loc":{"start":{"line":13,"column":23},"end":{"line":13,"column":42}}},"4":{"name":"(anonymous_4)","line":16,"loc":{"start":{"line":16,"column":33},"end":{"line":16,"column":62}}},"5":{"name":"(anonymous_5)","line":25,"loc":{"start":{"line":25,"column":10},"end":{"line":25,"column":26}}},"6":{"name":"(anonymous_6)","line":43,"loc":{"start":{"line":43,"column":34},"end":{"line":43,"column":50}}},"7":{"name":"(anonymous_7)","line":44,"loc":{"start":{"line":44,"column":41},"end":{"line":44,"column":55}}},"8":{"name":"(anonymous_8)","line":49,"loc":{"start":{"line":49,"column":15},"end":{"line":49,"column":53}}}},"statementMap":{"1":{"start":{"line":3,"column":0},"end":{"line":3,"column":27}},"2":{"start":{"line":5,"column":0},"end":{"line":14,"column":1}},"3":{"start":{"line":6,"column":2},"end":{"line":6,"column":18}},"4":{"start":{"line":7,"column":2},"end":{"line":7,"column":31}},"5":{"start":{"line":8,"column":2},"end":{"line":8,"column":35}},"6":{"start":{"line":9,"column":2},"end":{"line":9,"column":37}},"7":{"start":{"line":12,"column":2},"end":{"line":12,"column":88}},"8":{"start":{"line":12,"column":53},"end":{"line":12,"column":84}},"9":{"start":{"line":13,"column":2},"end":{"line":13,"column":70}},"10":{"start":{"line":13,"column":44},"end":{"line":13,"column":66}},"11":{"start":{"line":16,"column":0},"end":{"line":41,"column":2}},"12":{"start":{"line":17,"column":2},"end":{"line":17,"column":75}},"13":{"start":{"line":19,"column":2},"end":{"line":33,"column":4}},"14":{"start":{"line":26,"column":6},"end":{"line":26,"column":19}},"15":{"start":{"line":27,"column":6},"end":{"line":29,"column":7}},"16":{"start":{"line":28,"column":8},"end":{"line":28,"column":38}},"17":{"start":{"line":30,"column":6},"end":{"line":30,"column":17}},"18":{"start":{"line":35,"column":2},"end":{"line":39,"column":3}},"19":{"start":{"line":36,"column":4},"end":{"line":36,"column":61}},"20":{"start":{"line":38,"column":4},"end":{"line":38,"column":21}},"21":{"start":{"line":43,"column":0},"end":{"line":47,"column":2}},"22":{"start":{"line":44,"column":2},"end":{"line":46,"column":11}},"23":{"start":{"line":45,"column":4},"end":{"line":45,"column":43}},"24":{"start":{"line":49,"column":0},"end":{"line":52,"column":2}},"25":{"start":{"line":50,"column":2},"end":{"line":50,"column":65}},"26":{"start":{"line":51,"column":2},"end":{"line":51,"column":14}}},"branchMap":{"1":{"line":9,"type":"binary-expr","locations":[{"start":{"line":9,"column":16},"end":{"line":9,"column":30}},{"start":{"line":9,"column":34},"end":{"line":9,"column":36}}]},"2":{"line":35,"type":"if","locations":[{"start":{"line":35,"column":2},"end":{"line":35,"column":2}},{"start":{"line":35,"column":2},"end":{"line":35,"column":2}}]}},"code":["/*jshint node:true, laxcomma:true */","","var util = require('util');","","function ConsoleBackend(startupTime, config, emitter){","  var self = this;","  this.lastFlush = startupTime;","  this.lastException = startupTime;","  this.config = config.console || {};","","  // attach","  emitter.on('flush', function(timestamp, metrics) { self.flush(timestamp, metrics); });","  emitter.on('status', function(callback) { self.status(callback); });","}","","ConsoleBackend.prototype.flush = function(timestamp, metrics) {","  console.log('Flushing stats at ', new Date(timestamp * 1000).toString());","","  var out = {","    counters: metrics.counters,","    timers: metrics.timers,","    gauges: metrics.gauges,","    timer_data: metrics.timer_data,","    counter_rates: metrics.counter_rates,","    sets: function (vals) {","      var ret = {};","      for (var val in vals) {","        ret[val] = vals[val].values();","      }","      return ret;","    }(metrics.sets),","    pctThreshold: metrics.pctThreshold","  };","","  if(this.config.prettyprint) {","    console.log(util.inspect(out, {depth: 5, colors: true}));","  } else {","    console.log(out);","  }","","};","","ConsoleBackend.prototype.status = function(write) {","  ['lastFlush', 'lastException'].forEach(function(key) {","    write(null, 'console', key, this[key]);","  }, this);","};","","exports.init = function(startupTime, config, events) {","  var instance = new ConsoleBackend(startupTime, config, events);","  return true;","};",""],"l":{"3":1,"5":1,"6":0,"7":0,"8":0,"9":0,"12":0,"13":0,"16":1,"17":0,"19":0,"26":0,"27":0,"28":0,"30":0,"35":0,"36":0,"38":0,"43":1,"44":0,"45":0,"49":1,"50":0,"51":0}},"/home/travis/build/npmtest/node-npmtest-statsd/node_modules/statsd/backends/graphite.js":{"path":"/home/travis/build/npmtest/node-npmtest-statsd/node_modules/statsd/backends/graphite.js","s":{"1":1,"2":1,"3":1,"4":1,"5":1,"6":1,"7":1,"8":1,"9":1,"10":1,"11":1,"12":1,"13":1,"14":1,"15":1,"16":1,"17":1,"18":1,"19":1,"20":1,"21":1,"22":1,"23":1,"24":1,"25":1,"26":0,"27":0,"28":0,"29":0,"30":0,"31":0,"32":0,"33":0,"34":0,"35":0,"36":0,"37":0,"38":0,"39":0,"40":0,"41":0,"42":0,"43":0,"44":0,"45":0,"46":0,"47":0,"48":0,"49":0,"50":0,"51":0,"52":0,"53":0,"54":1,"55":1,"56":0,"57":0,"58":0,"59":0,"60":0,"61":0,"62":0,"63":0,"64":1,"65":0,"66":0,"67":0,"68":0,"69":0,"70":0,"71":0,"72":0,"73":0,"74":0,"75":0,"76":0,"77":0,"78":0,"79":1,"80":0,"81":0,"82":0,"83":0,"84":0,"85":0,"86":0,"87":0,"88":0,"89":0,"90":0,"91":1,"92":0,"93":0,"94":0,"95":0,"96":0,"97":0,"98":0,"99":0,"100":0,"101":0,"102":0,"103":0,"104":0,"105":0,"106":0,"107":0,"108":0,"109":0,"110":0,"111":0,"112":0,"113":0,"114":0,"115":0,"116":0,"117":0,"118":0,"119":0,"120":0,"121":0,"122":0,"123":0,"124":0,"125":0,"126":0,"127":0,"128":0,"129":0,"130":0,"131":0,"132":0,"133":0,"134":0,"135":0,"136":0,"137":0,"138":0,"139":0,"140":0,"141":0,"142":1,"143":0,"144":0,"145":1,"146":0,"147":0,"148":0,"149":0,"150":0,"151":0,"152":0,"153":0,"154":0,"155":0,"156":0,"157":0,"158":0,"159":0,"160":0,"161":0,"162":0,"163":0,"164":0,"165":0,"166":0,"167":0,"168":0,"169":0,"170":0,"171":0,"172":0,"173":0,"174":0,"175":0,"176":0,"177":0,"178":0,"179":0,"180":0,"181":0,"182":0,"183":0,"184":0,"185":0,"186":0,"187":0,"188":0,"189":0,"190":0,"191":0,"192":0,"193":0,"194":0,"195":0,"196":0,"197":0,"198":0,"199":0},"b":{"1":[0,0],"2":[0,0],"3":[0,0],"4":[0,0],"5":[0,0],"6":[0,0],"7":[0,0],"8":[0,0],"9":[0,0],"10":[0,0],"11":[0,0],"12":[0,0],"13":[0,0],"14":[0,0],"15":[0,0],"16":[0,0],"17":[0,0],"18":[0,0],"19":[0,0],"20":[0,0],"21":[0,0],"22":[0,0],"23":[0,0],"24":[0,0],"25":[0,0],"26":[0,0],"27":[0,0],"28":[0,0],"29":[0,0],"30":[0,0],"31":[0,0],"32":[0,0],"33":[0,0],"34":[0,0],"35":[0,0],"36":[0,0],"37":[0,0]},"f":{"1":0,"2":0,"3":0,"4":0,"5":0,"6":0,"7":0,"8":0,"9":0,"10":0,"11":0,"12":0,"13":0,"14":0,"15":0,"16":0},"fnMap":{"1":{"name":"graphite_post_stats","line":54,"loc":{"start":{"line":54,"column":17},"end":{"line":54,"column":53}}},"2":{"name":"(anonymous_2)","line":64,"loc":{"start":{"line":64,"column":36},"end":{"line":64,"column":65}}},"3":{"name":"(anonymous_3)","line":69,"loc":{"start":{"line":69,"column":29},"end":{"line":69,"column":40}}},"4":{"name":"Metric","line":105,"loc":{"start":{"line":105,"column":0},"end":{"line":105,"column":32}}},"5":{"name":"(anonymous_5)","line":114,"loc":{"start":{"line":114,"column":16},"end":{"line":114,"column":27}}},"6":{"name":"(anonymous_6)","line":118,"loc":{"start":{"line":118,"column":18},"end":{"line":118,"column":29}}},"7":{"name":"Stats","line":124,"loc":{"start":{"line":124,"column":0},"end":{"line":124,"column":17}}},"8":{"name":"(anonymous_8)","line":127,"loc":{"start":{"line":127,"column":13},"end":{"line":127,"column":38}}},"9":{"name":"(anonymous_9)","line":131,"loc":{"start":{"line":131,"column":16},"end":{"line":131,"column":27}}},"10":{"name":"(anonymous_10)","line":132,"loc":{"start":{"line":132,"column":25},"end":{"line":132,"column":37}}},"11":{"name":"(anonymous_11)","line":135,"loc":{"start":{"line":135,"column":18},"end":{"line":135,"column":29}}},"12":{"name":"(anonymous_12)","line":136,"loc":{"start":{"line":136,"column":43},"end":{"line":136,"column":55}}},"13":{"name":"graphite_flush","line":150,"loc":{"start":{"line":150,"column":18},"end":{"line":150,"column":55}}},"14":{"name":"sk","line":164,"loc":{"start":{"line":164,"column":2},"end":{"line":164,"column":19}}},"15":{"name":"graphite_status","line":254,"loc":{"start":{"line":254,"column":21},"end":{"line":254,"column":55}}},"16":{"name":"graphite_init","line":260,"loc":{"start":{"line":260,"column":15},"end":{"line":260,"column":76}}}},"statementMap":{"1":{"start":{"line":21,"column":0},"end":{"line":21,"column":25}},"2":{"start":{"line":24,"column":0},"end":{"line":24,"column":6}},"3":{"start":{"line":26,"column":0},"end":{"line":26,"column":10}},"4":{"start":{"line":27,"column":0},"end":{"line":27,"column":18}},"5":{"start":{"line":28,"column":0},"end":{"line":28,"column":17}},"6":{"start":{"line":29,"column":0},"end":{"line":29,"column":17}},"7":{"start":{"line":30,"column":0},"end":{"line":30,"column":23}},"8":{"start":{"line":31,"column":0},"end":{"line":31,"column":21}},"9":{"start":{"line":32,"column":0},"end":{"line":32,"column":17}},"10":{"start":{"line":35,"column":0},"end":{"line":35,"column":17}},"11":{"start":{"line":36,"column":0},"end":{"line":36,"column":18}},"12":{"start":{"line":37,"column":0},"end":{"line":37,"column":16}},"13":{"start":{"line":38,"column":0},"end":{"line":38,"column":16}},"14":{"start":{"line":39,"column":0},"end":{"line":39,"column":14}},"15":{"start":{"line":40,"column":0},"end":{"line":40,"column":17}},"16":{"start":{"line":41,"column":0},"end":{"line":41,"column":16}},"17":{"start":{"line":42,"column":0},"end":{"line":42,"column":29}},"18":{"start":{"line":45,"column":0},"end":{"line":45,"column":28}},"19":{"start":{"line":46,"column":0},"end":{"line":46,"column":26}},"20":{"start":{"line":47,"column":0},"end":{"line":47,"column":26}},"21":{"start":{"line":48,"column":0},"end":{"line":48,"column":26}},"22":{"start":{"line":49,"column":0},"end":{"line":49,"column":26}},"23":{"start":{"line":50,"column":0},"end":{"line":50,"column":26}},"24":{"start":{"line":52,"column":0},"end":{"line":52,"column":23}},"25":{"start":{"line":54,"column":0},"end":{"line":93,"column":2}},"26":{"start":{"line":55,"column":2},"end":{"line":55,"column":49}},"27":{"start":{"line":56,"column":2},"end":{"line":56,"column":57}},"28":{"start":{"line":57,"column":2},"end":{"line":57,"column":49}},"29":{"start":{"line":58,"column":2},"end":{"line":58,"column":53}},"30":{"start":{"line":60,"column":2},"end":{"line":92,"column":3}},"31":{"start":{"line":61,"column":4},"end":{"line":91,"column":5}},"32":{"start":{"line":62,"column":6},"end":{"line":62,"column":82}},"33":{"start":{"line":63,"column":6},"end":{"line":63,"column":62}},"34":{"start":{"line":64,"column":6},"end":{"line":68,"column":9}},"35":{"start":{"line":65,"column":8},"end":{"line":67,"column":9}},"36":{"start":{"line":66,"column":10},"end":{"line":66,"column":37}},"37":{"start":{"line":69,"column":6},"end":{"line":85,"column":9}},"38":{"start":{"line":70,"column":8},"end":{"line":70,"column":47}},"39":{"start":{"line":71,"column":8},"end":{"line":71,"column":70}},"40":{"start":{"line":72,"column":8},"end":{"line":72,"column":98}},"41":{"start":{"line":73,"column":8},"end":{"line":73,"column":98}},"42":{"start":{"line":74,"column":8},"end":{"line":74,"column":98}},"43":{"start":{"line":75,"column":8},"end":{"line":75,"column":98}},"44":{"start":{"line":76,"column":8},"end":{"line":76,"column":93}},"45":{"start":{"line":78,"column":8},"end":{"line":78,"column":35}},"46":{"start":{"line":79,"column":8},"end":{"line":79,"column":34}},"47":{"start":{"line":80,"column":8},"end":{"line":80,"column":19}},"48":{"start":{"line":82,"column":8},"end":{"line":82,"column":60}},"49":{"start":{"line":83,"column":8},"end":{"line":83,"column":58}},"50":{"start":{"line":84,"column":8},"end":{"line":84,"column":65}},"51":{"start":{"line":87,"column":6},"end":{"line":89,"column":7}},"52":{"start":{"line":88,"column":8},"end":{"line":88,"column":17}},"53":{"start":{"line":90,"column":6},"end":{"line":90,"column":67}},"54":{"start":{"line":96,"column":0},"end":{"line":102,"column":16}},"55":{"start":{"line":105,"column":0},"end":{"line":121,"column":1}},"56":{"start":{"line":106,"column":2},"end":{"line":106,"column":15}},"57":{"start":{"line":107,"column":2},"end":{"line":107,"column":17}},"58":{"start":{"line":108,"column":2},"end":{"line":108,"column":21}},"59":{"start":{"line":109,"column":2},"end":{"line":109,"column":15}},"60":{"start":{"line":114,"column":2},"end":{"line":116,"column":4}},"61":{"start":{"line":115,"column":4},"end":{"line":115,"column":46}},"62":{"start":{"line":118,"column":2},"end":{"line":120,"column":4}},"63":{"start":{"line":119,"column":4},"end":{"line":119,"column":138}},"64":{"start":{"line":124,"column":0},"end":{"line":148,"column":1}},"65":{"start":{"line":125,"column":2},"end":{"line":125,"column":15}},"66":{"start":{"line":126,"column":2},"end":{"line":126,"column":20}},"67":{"start":{"line":127,"column":2},"end":{"line":129,"column":4}},"68":{"start":{"line":128,"column":4},"end":{"line":128,"column":47}},"69":{"start":{"line":131,"column":2},"end":{"line":133,"column":4}},"70":{"start":{"line":132,"column":4},"end":{"line":132,"column":79}},"71":{"start":{"line":132,"column":39},"end":{"line":132,"column":57}},"72":{"start":{"line":135,"column":2},"end":{"line":147,"column":4}},"73":{"start":{"line":136,"column":4},"end":{"line":136,"column":97}},"74":{"start":{"line":136,"column":57},"end":{"line":136,"column":77}},"75":{"start":{"line":141,"column":4},"end":{"line":141,"column":42}},"76":{"start":{"line":143,"column":4},"end":{"line":143,"column":37}},"77":{"start":{"line":144,"column":4},"end":{"line":144,"column":22}},"78":{"start":{"line":146,"column":4},"end":{"line":146,"column":15}},"79":{"start":{"line":150,"column":0},"end":{"line":252,"column":2}},"80":{"start":{"line":151,"column":2},"end":{"line":151,"column":29}},"81":{"start":{"line":152,"column":2},"end":{"line":152,"column":19}},"82":{"start":{"line":153,"column":2},"end":{"line":153,"column":10}},"83":{"start":{"line":154,"column":2},"end":{"line":154,"column":21}},"84":{"start":{"line":155,"column":2},"end":{"line":155,"column":34}},"85":{"start":{"line":156,"column":2},"end":{"line":156,"column":30}},"86":{"start":{"line":157,"column":2},"end":{"line":157,"column":30}},"87":{"start":{"line":158,"column":2},"end":{"line":158,"column":26}},"88":{"start":{"line":159,"column":2},"end":{"line":159,"column":44}},"89":{"start":{"line":160,"column":2},"end":{"line":160,"column":38}},"90":{"start":{"line":161,"column":2},"end":{"line":161,"column":46}},"91":{"start":{"line":164,"column":2},"end":{"line":172,"column":3}},"92":{"start":{"line":165,"column":4},"end":{"line":171,"column":5}},"93":{"start":{"line":166,"column":6},"end":{"line":166,"column":17}},"94":{"start":{"line":168,"column":6},"end":{"line":170,"column":51}},"95":{"start":{"line":177,"column":2},"end":{"line":177,"column":26}},"96":{"start":{"line":179,"column":2},"end":{"line":198,"column":3}},"97":{"start":{"line":180,"column":4},"end":{"line":180,"column":30}},"98":{"start":{"line":181,"column":4},"end":{"line":181,"column":44}},"99":{"start":{"line":182,"column":4},"end":{"line":182,"column":26}},"100":{"start":{"line":183,"column":4},"end":{"line":183,"column":53}},"101":{"start":{"line":185,"column":4},"end":{"line":195,"column":5}},"102":{"start":{"line":186,"column":6},"end":{"line":186,"column":72}},"103":{"start":{"line":187,"column":6},"end":{"line":189,"column":7}},"104":{"start":{"line":188,"column":8},"end":{"line":188,"column":71}},"105":{"start":{"line":191,"column":6},"end":{"line":191,"column":88}},"106":{"start":{"line":192,"column":6},"end":{"line":194,"column":7}},"107":{"start":{"line":193,"column":8},"end":{"line":193,"column":81}},"108":{"start":{"line":197,"column":4},"end":{"line":197,"column":18}},"109":{"start":{"line":200,"column":2},"end":{"line":218,"column":3}},"110":{"start":{"line":201,"column":4},"end":{"line":201,"column":51}},"111":{"start":{"line":202,"column":4},"end":{"line":202,"column":38}},"112":{"start":{"line":204,"column":4},"end":{"line":216,"column":5}},"113":{"start":{"line":205,"column":6},"end":{"line":215,"column":7}},"114":{"start":{"line":206,"column":8},"end":{"line":206,"column":102}},"115":{"start":{"line":208,"column":8},"end":{"line":214,"column":9}},"116":{"start":{"line":209,"column":10},"end":{"line":211,"column":11}},"117":{"start":{"line":210,"column":12},"end":{"line":210,"column":82}},"118":{"start":{"line":212,"column":10},"end":{"line":213,"column":77}},"119":{"start":{"line":217,"column":4},"end":{"line":217,"column":18}},"120":{"start":{"line":220,"column":2},"end":{"line":224,"column":3}},"121":{"start":{"line":221,"column":4},"end":{"line":221,"column":52}},"122":{"start":{"line":222,"column":4},"end":{"line":222,"column":67}},"123":{"start":{"line":223,"column":4},"end":{"line":223,"column":18}},"124":{"start":{"line":226,"column":2},"end":{"line":230,"column":3}},"125":{"start":{"line":227,"column":4},"end":{"line":227,"column":50}},"126":{"start":{"line":228,"column":4},"end":{"line":228,"column":83}},"127":{"start":{"line":229,"column":4},"end":{"line":229,"column":18}},"128":{"start":{"line":232,"column":2},"end":{"line":246,"column":3}},"129":{"start":{"line":233,"column":4},"end":{"line":233,"column":70}},"130":{"start":{"line":234,"column":4},"end":{"line":234,"column":118}},"131":{"start":{"line":235,"column":4},"end":{"line":237,"column":5}},"132":{"start":{"line":236,"column":6},"end":{"line":236,"column":92}},"133":{"start":{"line":239,"column":4},"end":{"line":239,"column":56}},"134":{"start":{"line":240,"column":4},"end":{"line":240,"column":78}},"135":{"start":{"line":241,"column":4},"end":{"line":241,"column":116}},"136":{"start":{"line":242,"column":4},"end":{"line":245,"column":5}},"137":{"start":{"line":243,"column":6},"end":{"line":243,"column":42}},"138":{"start":{"line":244,"column":6},"end":{"line":244,"column":76}},"139":{"start":{"line":247,"column":2},"end":{"line":247,"column":20}},"140":{"start":{"line":249,"column":2},"end":{"line":251,"column":3}},"141":{"start":{"line":250,"column":3},"end":{"line":250,"column":34}},"142":{"start":{"line":254,"column":0},"end":{"line":258,"column":2}},"143":{"start":{"line":255,"column":2},"end":{"line":257,"column":3}},"144":{"start":{"line":256,"column":4},"end":{"line":256,"column":57}},"145":{"start":{"line":260,"column":0},"end":{"line":336,"column":2}},"146":{"start":{"line":261,"column":2},"end":{"line":261,"column":23}},"147":{"start":{"line":262,"column":2},"end":{"line":262,"column":13}},"148":{"start":{"line":263,"column":2},"end":{"line":263,"column":37}},"149":{"start":{"line":264,"column":2},"end":{"line":264,"column":45}},"150":{"start":{"line":265,"column":2},"end":{"line":265,"column":57}},"151":{"start":{"line":266,"column":2},"end":{"line":266,"column":55}},"152":{"start":{"line":267,"column":2},"end":{"line":267,"column":42}},"153":{"start":{"line":268,"column":2},"end":{"line":268,"column":49}},"154":{"start":{"line":269,"column":2},"end":{"line":269,"column":50}},"155":{"start":{"line":270,"column":2},"end":{"line":270,"column":48}},"156":{"start":{"line":271,"column":2},"end":{"line":271,"column":48}},"157":{"start":{"line":272,"column":2},"end":{"line":272,"column":46}},"158":{"start":{"line":273,"column":2},"end":{"line":273,"column":49}},"159":{"start":{"line":274,"column":2},"end":{"line":274,"column":52}},"160":{"start":{"line":275,"column":2},"end":{"line":275,"column":39}},"161":{"start":{"line":278,"column":2},"end":{"line":278,"column":70}},"162":{"start":{"line":279,"column":2},"end":{"line":279,"column":75}},"163":{"start":{"line":280,"column":2},"end":{"line":280,"column":69}},"164":{"start":{"line":281,"column":2},"end":{"line":281,"column":69}},"165":{"start":{"line":282,"column":2},"end":{"line":282,"column":63}},"166":{"start":{"line":283,"column":2},"end":{"line":283,"column":69}},"167":{"start":{"line":284,"column":2},"end":{"line":284,"column":75}},"168":{"start":{"line":288,"column":2},"end":{"line":288,"column":71}},"169":{"start":{"line":290,"column":2},"end":{"line":317,"column":3}},"170":{"start":{"line":291,"column":4},"end":{"line":297,"column":5}},"171":{"start":{"line":292,"column":6},"end":{"line":292,"column":41}},"172":{"start":{"line":293,"column":6},"end":{"line":293,"column":42}},"173":{"start":{"line":294,"column":6},"end":{"line":294,"column":40}},"174":{"start":{"line":295,"column":6},"end":{"line":295,"column":41}},"175":{"start":{"line":296,"column":6},"end":{"line":296,"column":39}},"176":{"start":{"line":299,"column":4},"end":{"line":301,"column":5}},"177":{"start":{"line":300,"column":6},"end":{"line":300,"column":43}},"178":{"start":{"line":302,"column":4},"end":{"line":304,"column":5}},"179":{"start":{"line":303,"column":6},"end":{"line":303,"column":39}},"180":{"start":{"line":305,"column":4},"end":{"line":307,"column":5}},"181":{"start":{"line":306,"column":6},"end":{"line":306,"column":40}},"182":{"start":{"line":308,"column":4},"end":{"line":310,"column":5}},"183":{"start":{"line":309,"column":6},"end":{"line":309,"column":36}},"184":{"start":{"line":312,"column":6},"end":{"line":312,"column":34}},"185":{"start":{"line":313,"column":6},"end":{"line":313,"column":35}},"186":{"start":{"line":314,"column":6},"end":{"line":314,"column":43}},"187":{"start":{"line":315,"column":6},"end":{"line":315,"column":44}},"188":{"start":{"line":316,"column":6},"end":{"line":316,"column":40}},"189":{"start":{"line":319,"column":2},"end":{"line":319,"column":42}},"190":{"start":{"line":320,"column":2},"end":{"line":320,"column":46}},"191":{"start":{"line":321,"column":2},"end":{"line":321,"column":31}},"192":{"start":{"line":322,"column":2},"end":{"line":322,"column":33}},"193":{"start":{"line":324,"column":2},"end":{"line":326,"column":3}},"194":{"start":{"line":325,"column":4},"end":{"line":325,"column":47}},"195":{"start":{"line":328,"column":2},"end":{"line":328,"column":39}},"196":{"start":{"line":330,"column":2},"end":{"line":330,"column":90}},"197":{"start":{"line":332,"column":2},"end":{"line":332,"column":34}},"198":{"start":{"line":333,"column":2},"end":{"line":333,"column":38}},"199":{"start":{"line":335,"column":2},"end":{"line":335,"column":14}}},"branchMap":{"1":{"line":55,"type":"binary-expr","locations":[{"start":{"line":55,"column":19},"end":{"line":55,"column":43}},{"start":{"line":55,"column":47},"end":{"line":55,"column":48}}]},"2":{"line":56,"type":"binary-expr","locations":[{"start":{"line":56,"column":23},"end":{"line":56,"column":51}},{"start":{"line":56,"column":55},"end":{"line":56,"column":56}}]},"3":{"line":57,"type":"binary-expr","locations":[{"start":{"line":57,"column":19},"end":{"line":57,"column":43}},{"start":{"line":57,"column":47},"end":{"line":57,"column":48}}]},"4":{"line":58,"type":"binary-expr","locations":[{"start":{"line":58,"column":21},"end":{"line":58,"column":47}},{"start":{"line":58,"column":51},"end":{"line":58,"column":52}}]},"5":{"line":60,"type":"if","locations":[{"start":{"line":60,"column":2},"end":{"line":60,"column":2}},{"start":{"line":60,"column":2},"end":{"line":60,"column":2}}]},"6":{"line":62,"type":"cond-expr","locations":[{"start":{"line":62,"column":48},"end":{"line":62,"column":66}},{"start":{"line":62,"column":69},"end":{"line":62,"column":81}}]},"7":{"line":65,"type":"if","locations":[{"start":{"line":65,"column":8},"end":{"line":65,"column":8}},{"start":{"line":65,"column":8},"end":{"line":65,"column":8}}]},"8":{"line":76,"type":"cond-expr","locations":[{"start":{"line":76,"column":59},"end":{"line":76,"column":75}},{"start":{"line":76,"column":78},"end":{"line":76,"column":92}}]},"9":{"line":87,"type":"if","locations":[{"start":{"line":87,"column":6},"end":{"line":87,"column":6}},{"start":{"line":87,"column":6},"end":{"line":87,"column":6}}]},"10":{"line":165,"type":"if","locations":[{"start":{"line":165,"column":4},"end":{"line":165,"column":4}},{"start":{"line":165,"column":4},"end":{"line":165,"column":4}}]},"11":{"line":185,"type":"if","locations":[{"start":{"line":185,"column":4},"end":{"line":185,"column":4}},{"start":{"line":185,"column":4},"end":{"line":185,"column":4}}]},"12":{"line":187,"type":"if","locations":[{"start":{"line":187,"column":6},"end":{"line":187,"column":6}},{"start":{"line":187,"column":6},"end":{"line":187,"column":6}}]},"13":{"line":192,"type":"if","locations":[{"start":{"line":192,"column":6},"end":{"line":192,"column":6}},{"start":{"line":192,"column":6},"end":{"line":192,"column":6}}]},"14":{"line":205,"type":"if","locations":[{"start":{"line":205,"column":6},"end":{"line":205,"column":6}},{"start":{"line":205,"column":6},"end":{"line":205,"column":6}}]},"15":{"line":209,"type":"if","locations":[{"start":{"line":209,"column":10},"end":{"line":209,"column":10}},{"start":{"line":209,"column":10},"end":{"line":209,"column":10}}]},"16":{"line":232,"type":"if","locations":[{"start":{"line":232,"column":2},"end":{"line":232,"column":2}},{"start":{"line":232,"column":2},"end":{"line":232,"column":2}}]},"17":{"line":249,"type":"if","locations":[{"start":{"line":249,"column":2},"end":{"line":249,"column":2}},{"start":{"line":249,"column":2},"end":{"line":249,"column":2}}]},"18":{"line":264,"type":"binary-expr","locations":[{"start":{"line":264,"column":17},"end":{"line":264,"column":36}},{"start":{"line":264,"column":40},"end":{"line":264,"column":44}}]},"19":{"line":265,"type":"binary-expr","locations":[{"start":{"line":265,"column":23},"end":{"line":265,"column":48}},{"start":{"line":265,"column":52},"end":{"line":265,"column":56}}]},"20":{"line":266,"type":"binary-expr","locations":[{"start":{"line":266,"column":21},"end":{"line":266,"column":44}},{"start":{"line":266,"column":48},"end":{"line":266,"column":54}}]},"21":{"line":267,"type":"binary-expr","locations":[{"start":{"line":267,"column":20},"end":{"line":267,"column":35}},{"start":{"line":267,"column":39},"end":{"line":267,"column":41}}]},"22":{"line":278,"type":"cond-expr","locations":[{"start":{"line":278,"column":47},"end":{"line":278,"column":59}},{"start":{"line":278,"column":62},"end":{"line":278,"column":69}}]},"23":{"line":279,"type":"cond-expr","locations":[{"start":{"line":279,"column":48},"end":{"line":279,"column":61}},{"start":{"line":279,"column":64},"end":{"line":279,"column":74}}]},"24":{"line":280,"type":"cond-expr","locations":[{"start":{"line":280,"column":46},"end":{"line":280,"column":57}},{"start":{"line":280,"column":60},"end":{"line":280,"column":68}}]},"25":{"line":281,"type":"cond-expr","locations":[{"start":{"line":281,"column":46},"end":{"line":281,"column":57}},{"start":{"line":281,"column":60},"end":{"line":281,"column":68}}]},"26":{"line":282,"type":"cond-expr","locations":[{"start":{"line":282,"column":44},"end":{"line":282,"column":53}},{"start":{"line":282,"column":56},"end":{"line":282,"column":62}}]},"27":{"line":283,"type":"cond-expr","locations":[{"start":{"line":283,"column":46},"end":{"line":283,"column":57}},{"start":{"line":283,"column":60},"end":{"line":283,"column":68}}]},"28":{"line":284,"type":"cond-expr","locations":[{"start":{"line":284,"column":52},"end":{"line":284,"column":67}},{"start":{"line":284,"column":70},"end":{"line":284,"column":74}}]},"29":{"line":288,"type":"cond-expr","locations":[{"start":{"line":288,"column":47},"end":{"line":288,"column":65}},{"start":{"line":288,"column":68},"end":{"line":288,"column":70}}]},"30":{"line":290,"type":"if","locations":[{"start":{"line":290,"column":2},"end":{"line":290,"column":2}},{"start":{"line":290,"column":2},"end":{"line":290,"column":2}}]},"31":{"line":291,"type":"if","locations":[{"start":{"line":291,"column":4},"end":{"line":291,"column":4}},{"start":{"line":291,"column":4},"end":{"line":291,"column":4}}]},"32":{"line":299,"type":"if","locations":[{"start":{"line":299,"column":4},"end":{"line":299,"column":4}},{"start":{"line":299,"column":4},"end":{"line":299,"column":4}}]},"33":{"line":302,"type":"if","locations":[{"start":{"line":302,"column":4},"end":{"line":302,"column":4}},{"start":{"line":302,"column":4},"end":{"line":302,"column":4}}]},"34":{"line":305,"type":"if","locations":[{"start":{"line":305,"column":4},"end":{"line":305,"column":4}},{"start":{"line":305,"column":4},"end":{"line":305,"column":4}}]},"35":{"line":308,"type":"if","locations":[{"start":{"line":308,"column":4},"end":{"line":308,"column":4}},{"start":{"line":308,"column":4},"end":{"line":308,"column":4}}]},"36":{"line":324,"type":"if","locations":[{"start":{"line":324,"column":2},"end":{"line":324,"column":2}},{"start":{"line":324,"column":2},"end":{"line":324,"column":2}}]},"37":{"line":330,"type":"cond-expr","locations":[{"start":{"line":330,"column":63},"end":{"line":330,"column":67}},{"start":{"line":330,"column":70},"end":{"line":330,"column":89}}]}},"code":["/*jshint node:true, laxcomma:true */","","/*"," * Flush stats to graphite (http://graphite.wikidot.com/)."," *"," * To enable this backend, include 'graphite' in the backends"," * configuration array:"," *"," *   backends: ['graphite']"," *"," * This backend supports the following config options:"," *"," *   graphiteHost: Hostname of graphite server."," *   graphitePort: Port for the graphite text collector. Defaults to 2003."," *   graphitePicklePort: P
[...]
olumn":18}},{"start":{"line":385,"column":10},"end":{"line":387,"column":18}},{"start":{"line":389,"column":10},"end":{"line":391,"column":18}},{"start":{"line":393,"column":10},"end":{"line":395,"column":18}},{"start":{"line":397,"column":10},"end":{"line":399,"column":18}}]},"53":{"line":313,"type":"if","locations":[{"start":{"line":313,"column":12},"end":{"line":313,"column":12}},{"start":{"line":313,"column":12},"end":{"line":313,"column":12}}]},"54":{"line":315,"type":"if","locations":[{"start":{"line":315,"column":14},"end":{"line":315,"column":14}},{"start":{"line":315,"column":14},"end":{"line":315,"column":14}}]},"55":{"line":317,"type":"if","locations":[{"start":{"line":317,"column":21},"end":{"line":317,"column":21}},{"start":{"line":317,"column":21},"end":{"line":317,"column":21}}]},"56":{"line":333,"type":"if","locations":[{"start":{"line":333,"column":14},"end":{"line":333,"column":14}},{"start":{"line":333,"column":14},"end":{"line":333,"column":14}}]},"57":{"line":356,"type":"if","locations":[{"start":{"line":356,"column":14},"end":{"line":356,"column":14}},{"start":{"line":356,"column":14},"end":{"line":356,"column":14}}]},"58":{"line":410,"type":"binary-expr","locations":[{"start":{"line":410,"column":19},"end":{"line":410,"column":42}},{"start":{"line":410,"column":46},"end":{"line":410,"column":48}}]},"59":{"line":411,"type":"if","locations":[{"start":{"line":411,"column":4},"end":{"line":411,"column":4}},{"start":{"line":411,"column":4},"end":{"line":411,"column":4}}]},"60":{"line":415,"type":"binary-expr","locations":[{"start":{"line":415,"column":27},"end":{"line":415,"column":47}},{"start":{"line":415,"column":51},"end":{"line":415,"column":56}}]},"61":{"line":418,"type":"if","locations":[{"start":{"line":418,"column":4},"end":{"line":418,"column":4}},{"start":{"line":418,"column":4},"end":{"line":418,"column":4}}]},"62":{"line":430,"type":"if","locations":[{"start":{"line":430,"column":4},"end":{"line":430,"column":4}},{"start":{"line":430,"column":4},"end":{"line":430,"column":4}}]},"63":{"line":431,"type":"binary-expr","locations":[{"start":{"line":431,"column":36},"end":{"line":431,"column":51}},{"start":{"line":431,"column":55},"end":{"line":431,"column":78}},{"start":{"line":431,"column":83},"end":{"line":431,"column":86}}]},"64":{"line":432,"type":"binary-expr","locations":[{"start":{"line":432,"column":24},"end":{"line":432,"column":39}},{"start":{"line":432,"column":43},"end":{"line":432,"column":62}}]},"65":{"line":451,"type":"if","locations":[{"start":{"line":451,"column":8},"end":{"line":451,"column":8}},{"start":{"line":451,"column":8},"end":{"line":451,"column":8}}]}},"code":["/*jshint node:true, laxcomma:true */","","var util    = require('util')","  , config = require('./lib/config')","  , helpers = require('./lib/helpers')","  , fs     = require('fs')","  , events = require('events')","  , logger = require('./lib/logger')","  , set = require('./lib/set')","  , pm = require('./lib/process_metrics')","  , process_mgmt = require('./lib/process_mgmt')","  , mgmt_server = require('./lib/mgmt_server')","  , mgmt = require('./lib/mgmt_console');","","","// initialize data structures with defaults for statsd stats","var keyCounter = {};","var counters = {};","var timers = {};","var timer_counters = {};","var gauges = {};","var sets = {};","var counter_rates = {};","var timer_data = {};","var pctThreshold = null;","var flushInterval, keyFlushInt, serversLoaded, mgmtServer;","var startup_time = Math.round(new Date().getTime() / 1000);","var backendEvents = new events.EventEmitter();","var healthStatus = config.healthStatus || 'up';","var old_timestamp = 0;","var timestamp_lag_namespace;","var keyNameSanitize = true;","","// Load and init the backend from the backends/ directory.","function loadBackend(config, name) {","  var backendmod = require(name);","","  if (config.debug) {","    l.log(\"Loading backend: \" + name, 'DEBUG');","  }","","  var ret = backendmod.init(startup_time, config, backendEvents, l);","  if (!ret) {","    l.log(\"Failed to load backend: \" + name, \"ERROR\");","    process.exit(1);","  }","}","","// Load and init the server from the servers/ directory.","// The callback mimics the dgram 'message' event parameters (msg, rinfo)","//   msg: the message received by the server. may contain more than one metric","//   rinfo: contains remote address information and message length","//      (attributes are .address, .port, .family, .size - you're welcome)","function startServer(config, name, callback) {","  var servermod = require(name);","","  if (config.debug) {","    l.log(\"Loading server: \" + name, 'DEBUG');","  }","","  var ret = servermod.start(config, callback);","  if (!ret) {","    l.log(\"Failed to load server: \" + name, \"ERROR\");","    process.exit(1);","  }","}","","// global for conf","var conf;","","// Flush metrics to each backend.","function flushMetrics() {","  var time_stamp = Math.round(new Date().getTime() / 1000);","  if (old_timestamp > 0) {","    gauges[timestamp_lag_namespace] = (time_stamp - old_timestamp - (Number(conf.flushInterval)/1000));","  }","  old_timestamp = time_stamp;","","  var metrics_hash = {","    counters: counters,","    gauges: gauges,","    timers: timers,","    timer_counters: timer_counters,","    sets: sets,","    counter_rates: counter_rates,","    timer_data: timer_data,","    pctThreshold: pctThreshold,","    histogram: conf.histogram","  };","","  // After all listeners, reset the stats","  backendEvents.once('flush', function clear_metrics(ts, metrics) {","    // TODO: a lot of this should be moved up into an init/constructor so we don't have to do it every","    // single flushInterval....","    // allows us to flag all of these on with a single config but still override them individually","    conf.deleteIdleStats = conf.deleteIdleStats !== undefined ? conf.deleteIdleStats : false;","    if (conf.deleteIdleStats) {","      conf.deleteCounters = conf.deleteCounters !== undefined ? conf.deleteCounters : true;","      conf.deleteTimers = conf.deleteTimers !== undefined ? conf.deleteTimers : true;","      conf.deleteSets = conf.deleteSets !== undefined ? conf.deleteSets : true;","      conf.deleteGauges = conf.deleteGauges !== undefined ? conf.deleteGauges : true;","    }","","    // Clear the counters","    conf.deleteCounters = conf.deleteCounters || false;","    for (var counter_key in metrics.counters) {","      if (conf.deleteCounters) {","        if ((counter_key.indexOf(\"packets_received\") != -1) ||","            (counter_key.indexOf(\"metrics_received\") != -1) ||","            (counter_key.indexOf(\"bad_lines_seen\") != -1)) {","          metrics.counters[counter_key] = 0;","        } else {","         delete(metrics.counters[counter_key]);","        }","      } else {","        metrics.counters[counter_key] = 0;","      }","    }","","    // Clear the timers","    conf.deleteTimers = conf.deleteTimers || false;","    for (var timer_key in metrics.timers) {","      if (conf.deleteTimers) {","        delete(metrics.timers[timer_key]);","        delete(metrics.timer_counters[timer_key]);","      } else {","        metrics.timers[timer_key] = [];","        metrics.timer_counters[timer_key] = 0;","     }","    }","","    // Clear the sets","    conf.deleteSets = conf.deleteSets || false;","    for (var set_key in metrics.sets) {","      if (conf.deleteSets) {","        delete(metrics.sets[set_key]);","      } else {","        metrics.sets[set_key] = new set.Set();","      }","    }","","    // Normally gauges are not reset.  so if we don't delete them, continue to persist previous value","    conf.deleteGauges = conf.deleteGauges || false;","    if (conf.deleteGauges) {","      for (var gauge_key in metrics.gauges) {","        delete(metrics.gauges[gauge_key]);","      }","    }","  });","","  pm.process_metrics(metrics_hash, flushInterval, time_stamp, function emitFlush(metrics) {","    backendEvents.emit('flush', time_stamp, metrics);","  });","","  // Performing this setTimeout at the end of this method rather than the beginning","  // helps ensure we adapt to negative clock skew by letting the method's latency","  // introduce a short delay that should more than compensate.","  setTimeout(flushMetrics, getFlushTimeout(flushInterval));","}","","var stats = {","  messages: {","    last_msg_seen: startup_time,","    bad_lines_seen: 0","  }","};","","function sanitizeKeyName(key) {","  if (keyNameSanitize) {","    return key.replace(/\\s+/g, '_')","              .replace(/\\//g, '-')","              .replace(/[^a-zA-Z_\\-0-9\\.]/g, '');","  } else {","    return key;","  }","}","","function getFlushTimeout(interval) {","    return interval - (new Date().getTime() - startup_time * 1000) % flushInterval","}","","// Global for the logger","var l;","","config.configFile(process.argv[2], function (config) {","  conf = config;","","  process_mgmt.init(config);","","  l = new logger.Logger(config.log || {});","","  // setup config for stats prefix","  var prefixStats = config.prefixStats;","  prefixStats = prefixStats !== undefined ? prefixStats : \"statsd\";","  //setup the names for the stats stored in counters{}","  bad_lines_seen   = prefixStats + \".bad_lines_seen\";","  packets_received = prefixStats + \".packets_received\";","  metrics_received = prefixStats + \".metrics_received\";","  timestamp_lag_namespace = prefixStats + \".timestamp_lag\";","","  //now set to zero so we can increment them","  counters[bad_lines_seen]   = 0;","  counters[packets_received] = 0;","  counters[metrics_received] = 0;","","  if (config.keyNameSanitize !== undefined) {","    keyNameSanitize = config.keyNameSanitize;","  }","  if (!serversLoaded) {","","    // key counting","    var keyFlushInterval = Number((config.keyFlush && config.keyFlush.interval) || 0);","","    var handlePacket = function (msg, rinfo) {","      backendEvents.emit('packet', msg, rinfo);","      counters[packets_received]++;","      var metrics;","      var packet_data = msg.toString();","      if (packet_data.indexOf(\"\\n\") > -1) {","        metrics = packet_data.split(\"\\n\");","      } else {","        metrics = [ packet_data ] ;","      }","","      for (var midx in metrics) {","        if (metrics[midx].length === 0) {","          continue;","        }","","        counters[metrics_received]++;","        if (config.dumpMessages) {","          l.log(metrics[midx].toString());","        }","        var bits = metrics[midx].toString().split(':');","        var key = sanitizeKeyName(bits.shift());","","        if (keyFlushInterval > 0) {","          if (! keyCounter[key]) {","            keyCounter[key] = 0;","          }","          keyCounter[key] += 1;","        }","","        if (bits.length === 0) {","          bits.push(\"1\");","        }","","        for (var i = 0; i < bits.length; i++) {","          var sampleRate = 1;","          var fields = bits[i].split(\"|\");","          if (!helpers.is_valid_packet(fields)) {","              l.log('Bad line: ' + fields + ' in msg \"' + metrics[midx] +'\"');","              counters[bad_lines_seen]++;","              stats.messages.bad_lines_seen++;","              continue;","          }","          if (fields[2]) {","            sampleRate = Number(fields[2].match(/^@([\\d\\.]+)/)[1]);","          }","","          var metric_type = fields[1].trim();","          if (metric_type === \"ms\") {","            if (! timers[key]) {","              timers[key] = [];","              timer_counters[key] = 0;","            }","            timers[key].push(Number(fields[0] || 0));","            timer_counters[key] += (1 / sampleRate);","          } else if (metric_type === \"g\") {","            if (gauges[key] && fields[0].match(/^[-+]/)) {","              gauges[key] += Number(fields[0] || 0);","            } else {","              gauges[key] = Number(fields[0] || 0);","            }","          } else if (metric_type === \"s\") {","            if (! sets[key]) {","              sets[key] = new set.Set();","            }","            sets[key].insert(fields[0] || '0');","          } else {","            if (! counters[key]) {","              counters[key] = 0;","            }","            counters[key] += Number(fields[0] || 1) * (1 / sampleRate);","          }","        }","      }","","      stats.messages.last_msg_seen = Math.round(new Date().getTime() / 1000);","    };","","    // If config.servers isn't specified, use the top-level config for backwards-compatibility","    var server_config = config.servers || [config];","    for (var i = 0; i < server_config.length; i++) {","      // The default server is UDP","      var server = server_config[i].server || './servers/udp';","      startServer(server_config[i], server, handlePacket);","    }","","    mgmt_server.start(","      config,","      function(cmd, parameters, stream) {","        switch(cmd) {","          case \"help\":","            stream.write(\"Commands: stats, counters, timers, gauges, delcounters, deltimers, delgauges, health, config, quit\\n\\n\");","            break;","","          case \"config\":","            helpers.writeConfig(config, stream);","            break;","","          case \"health\":","            if (parameters.length > 0) {","              var cmdaction = parameters[0].toLowerCase();","              if (cmdaction === 'up') {","                healthStatus = 'up';","              } else if (cmdaction === 'down') {","                healthStatus = 'down';","              }","            }","            stream.write(\"health: \" + healthStatus + \"\\n\");","            break;","","          case \"stats\":","            var now    = Math.round(new Date().getTime() / 1000);","            var uptime = now - startup_time;","","            stream.write(\"uptime: \" + uptime + \"\\n\");","","            var stat_writer = function(group, metric, val) {","              var delta;","","              if (metric.match(\"^last_\")) {","                delta = now - val;","              }","              else {","                delta = val;","              }","","              stream.write(group + \".\" + metric + \": \" + delta + \"\\n\");","            };","","            // Loop through the base stats","            for (var group in stats) {","              for (var metric in stats[group]) {","                stat_writer(group, metric, stats[group][metric]);","              }","            }","","            backendEvents.once('status', function(writeCb) {","              stream.write(\"END\\n\\n\");","            });","","            // Let each backend contribute its status","            backendEvents.emit('status', function(err, name, stat, val) {","              if (err) {","                l.log(\"Failed to read stats for backend \" +","                        name + \": \" + err);","              } else {","                stat_writer(name, stat, val);","              }","            });","","            break;","","          case \"counters\":","            stream.write(util.inspect(counters) + \"\\n\");","            stream.write(\"END\\n\\n\");","            break;","","          case \"timers\":","            stream.write(util.inspect(timers) + \"\\n\");","            stream.write(\"END\\n\\n\");","            break;","","          case \"gauges\":","            stream.write(util.inspect(gauges) + \"\\n\");","            stream.write(\"END\\n\\n\");","            break;","","          case \"delcounters\":","            mgmt.delete_stats(counters, parameters, stream);","            break;","","          case \"deltimers\":","            mgmt.delete_stats(timers, parameters, stream);","            break;","","          case \"delgauges\":","            mgmt.delete_stats(gauges, parameters, stream);","            break;","","          case \"quit\":","            stream.end();","            break;","","          default:","            stream.write(\"ERROR\\n\");","            break;","        }","      },","      function(err, stream) {","        l.log('MGMT: Caught ' + err +', Moving on', 'WARNING');","      }","    );","","    serversLoaded = true;","    util.log(\"server is up\", \"INFO\");","","    pctThreshold = config.percentThreshold || 90;","    if (!Array.isArray(pctThreshold)) {","      pctThreshold = [ pctThreshold ]; // listify percentiles so single values work the same","    }","","    flushInterval = Number(config.flushInterval || 10000);","    config.flushInterval = flushInterval;","","    if (config.backends) {","      for (var j = 0; j < config.backends.length; j++) {","        loadBackend(config, config.backends[j]);","      }","    } else {","      // The default backend is graphite","      loadBackend(config, './backends/graphite');","    }","","    // Setup the flush timer","    var flushInt = setTimeout(flushMetrics, getFlushTimeout(flushInterval));","","    if (keyFlushInterval > 0) {","      var keyFlushPercent = Number((config.keyFlush && config.keyFlush.percent) || 100);","      var keyFlushLog = config.keyFlush && config.keyFlush.log;","","      keyFlushInt = setInterval(function () {","        var sortedKeys = [];","","        for (var key in keyCounter) {","          sortedKeys.push([key, keyCounter[key]]);","        }","","        sortedKeys.sort(function(a, b) { return b[1] - a[1]; });","","        var logMessage = \"\";","        var timeString = (new Date()) + \"\";","","        // only show the top \"keyFlushPercent\" keys","        for (var i = 0, e = sortedKeys.length * (keyFlushPercent / 100); i < e; i++) {","          logMessage += timeString + \" count=\" + sortedKeys[i][1] + \" key=\" + sortedKeys[i][0] + \"\\n\";","        }","","        if (keyFlushLog) {","          var logFile = fs.createWriteStream(keyFlushLog, {flags: 'a+'});","          logFile.write(logMessage);","          logFile.end();","        } else {","          process.stdout.write(logMessage);","        }","","        // clear the counter","        keyCounter = {};","      }, keyFlushInterval);","    }","  }","});","","process.on('exit', function () {","  flushMetrics();","});",""],"l":{"3":2,"17":2,"18":2,"19":2,"20":2,"21":2,"22":2,"23":2,"24":2,"25":2,"26":2,"27":2,"28":2,"29":2,"30":2,"31":2,"32":2,"35":1,"36":0,"38":0,"39":0,"42":0,"43":0,"44":0,"45":0,"54":1,"55":0,"57":0,"58":0,"61":0,"62":0,"63":0,"64":0,"69":2,"72":1,"73":0,"74":0,"75":0,"77":0,"79":0,"92":0,"96":0,"97":0,"98":0,"99":0,"100":0,"101":0,"105":0,"106":0,"107":0,"108":0,"111":0,"113":0,"116":0,"121":0,"122":0,"123":0,"124":0,"125":0,"127":0,"128":0,"133":0,"134":0,"135":0,"136":0,"138":0,"143":0,"144":0,"145":0,"146":0,"151":0,"152":0,"158":0,"161":2,"168":1,"169":0,"170":0,"174":0,"178":1,"179":0,"183":2,"185":2,"186":0,"188":0,"190":0,"193":0,"194":0,"196":0,"197":0,"198":0,"199":0,"202":0,"203":0,"204":0,"206":0,"207":0,"209":0,"212":0,"214":0,"215":0,"216":0,"217":0,"218":0,"219":0,"220":0,"222":0,"225":0,"226":0,"227":0,"230":0,"231":0,"232":0,"234":0,"235":0,"237":0,"238":0,"239":0,"241":0,"244":0,"245":0,"248":0,"249":0,"250":0,"251":0,"252":0,"253":0,"254":0,"255":0,"257":0,"258":0,"261":0,"262":0,"263":0,"264":0,"265":0,"267":0,"268":0,"269":0,"270":0,"271":0,"273":0,"275":0,"276":0,"277":0,"279":0,"281":0,"282":0,"284":0,"289":0,"293":0,"294":0,"296":0,"297":0,"300":0,"303":0,"305":0,"306":0,"309":0,"310":0,"313":0,"314":0,"315":0,"316":0,"317":0,"318":0,"321":0,"322":0,"325":0,"326":0,"328":0,"330":0,"331":0,"333":0,"334":0,"337":0,"340":0,"344":0,"345":0,"346":0,"350":0,"351":0,"355":0,"356":0,"357":0,"360":0,"364":0,"367":0,"368":0,"369":0,"372":0,"373":0,"374":0,"377":0,"378":0,"379":0,"382":0,"383":0,"386":0,"387":0,"390":0,"391":0,"394":0,"395":0,"398":0,"399":0,"403":0,"407":0,"408":0,"410":0,"411":0,"412":0,"415":0,"416":0,"418":0,"419":0,"420":0,"424":0,"428":0,"430":0,"431":0,"432":0,"434":0,"435":0,"437":0,"438":0,"441":0,"443":0,"444":0,"447":0,"448":0,"451":0,"452":0,"453":0,"454":0,"456":0,"460":0,"466":0,"467":0}}}